[16-Nov-2017 18:51:21 Australia/Canberra] players ip address
[16-Nov-2017 18:51:21 Australia/Canberra] ::1
[16-Nov-2017 18:51:21 Australia/Canberra] looping through keys
[16-Nov-2017 18:51:21 Australia/Canberra] checkpointTotal
[16-Nov-2017 18:51:21 Australia/Canberra] 107
[16-Nov-2017 18:51:21 Australia/Canberra] looping through keys
[16-Nov-2017 18:51:21 Australia/Canberra] checkpointEnemyCount
[16-Nov-2017 18:51:21 Australia/Canberra] 12
[16-Nov-2017 18:51:21 Australia/Canberra] looping through keys
[16-Nov-2017 18:51:21 Australia/Canberra] checkpointSb
[16-Nov-2017 18:51:21 Australia/Canberra] 1
[16-Nov-2017 18:51:21 Australia/Canberra] looping through keys
[16-Nov-2017 18:51:21 Australia/Canberra] checkpointPyramidCount
[16-Nov-2017 18:51:21 Australia/Canberra] 0
[16-Nov-2017 18:51:21 Australia/Canberra] looping through keys
[16-Nov-2017 18:51:21 Australia/Canberra] checkpointPyramidTimer
[16-Nov-2017 18:51:21 Australia/Canberra] 0
[16-Nov-2017 18:51:21 Australia/Canberra] looping through keys
[16-Nov-2017 18:51:21 Australia/Canberra] checkpointPyramidsOffset
[16-Nov-2017 18:51:21 Australia/Canberra] 1904
[16-Nov-2017 18:51:21 Australia/Canberra] looping through keys
[16-Nov-2017 18:51:21 Australia/Canberra] checkpointStage1Y
[16-Nov-2017 18:51:21 Australia/Canberra] -3720
[16-Nov-2017 18:51:21 Australia/Canberra] looping through keys
[16-Nov-2017 18:51:21 Australia/Canberra] checkpointStage2Y
[16-Nov-2017 18:51:21 Australia/Canberra] 0
[16-Nov-2017 18:51:21 Australia/Canberra] looping through keys
[16-Nov-2017 18:51:21 Australia/Canberra] checkpointPyramidsY
[16-Nov-2017 18:51:21 Australia/Canberra] 1904
[16-Nov-2017 18:51:21 Australia/Canberra] looping through keys
[16-Nov-2017 18:51:21 Australia/Canberra] checkpointCheckpoint
[16-Nov-2017 18:51:21 Australia/Canberra] 0
[16-Nov-2017 18:51:21 Australia/Canberra] looping through keys
[16-Nov-2017 18:51:21 Australia/Canberra] checkpointShipFP
[16-Nov-2017 18:51:21 Australia/Canberra] 0
[16-Nov-2017 18:51:21 Australia/Canberra] looping through keys
[16-Nov-2017 18:51:21 Australia/Canberra] checkpointStagespeed
[16-Nov-2017 18:51:21 Australia/Canberra] 1
[16-Nov-2017 18:51:21 Australia/Canberra] looping through keys
[16-Nov-2017 18:51:21 Australia/Canberra] health
[16-Nov-2017 18:51:21 Australia/Canberra] -1
[16-Nov-2017 18:51:21 Australia/Canberra] looping through keys
[16-Nov-2017 18:51:21 Australia/Canberra] alienHealth
[16-Nov-2017 18:51:21 Australia/Canberra] 12
[16-Nov-2017 18:51:21 Australia/Canberra] looping through keys
[16-Nov-2017 18:51:21 Australia/Canberra] total
[16-Nov-2017 18:51:21 Australia/Canberra] 125
[16-Nov-2017 18:51:21 Australia/Canberra] looping through keys
[16-Nov-2017 18:51:21 Australia/Canberra] sb
[16-Nov-2017 18:51:21 Australia/Canberra] 4
[16-Nov-2017 18:51:21 Australia/Canberra] looping through keys
[16-Nov-2017 18:51:21 Australia/Canberra] enemyCount
[16-Nov-2017 18:51:21 Australia/Canberra] 12
[16-Nov-2017 18:51:21 Australia/Canberra] looping through keys
[16-Nov-2017 18:51:21 Australia/Canberra] score
[16-Nov-2017 18:51:21 Australia/Canberra] 120
[16-Nov-2017 18:51:21 Australia/Canberra] looping through keys
[16-Nov-2017 18:51:21 Australia/Canberra] row
[16-Nov-2017 18:51:21 Australia/Canberra] 3
[16-Nov-2017 18:51:21 Australia/Canberra] looping through keys
[16-Nov-2017 18:51:21 Australia/Canberra] pyramidCount
[16-Nov-2017 18:51:21 Australia/Canberra] 19
[16-Nov-2017 18:51:21 Australia/Canberra] looping through keys
[16-Nov-2017 18:51:22 Australia/Canberra] pyramidTimer
[16-Nov-2017 18:51:22 Australia/Canberra] 123
[16-Nov-2017 18:51:22 Australia/Canberra] looping through keys
[16-Nov-2017 18:51:22 Australia/Canberra] pyramidsOffset
[16-Nov-2017 18:51:22 Australia/Canberra] 2651
[16-Nov-2017 18:51:22 Australia/Canberra] looping through keys
[16-Nov-2017 18:51:22 Australia/Canberra] checkpoint
[16-Nov-2017 18:51:22 Australia/Canberra] 1
[16-Nov-2017 18:51:22 Australia/Canberra] looping through keys
[16-Nov-2017 18:51:22 Australia/Canberra] shipFP
[16-Nov-2017 18:51:22 Australia/Canberra] 0
[16-Nov-2017 18:51:22 Australia/Canberra] looping through keys
[16-Nov-2017 18:51:22 Australia/Canberra] stagespeed
[16-Nov-2017 18:51:22 Australia/Canberra] 4
[16-Nov-2017 18:51:22 Australia/Canberra] looping through keys
[16-Nov-2017 18:51:22 Australia/Canberra] shipy
[16-Nov-2017 18:51:22 Australia/Canberra] 21
[16-Nov-2017 18:51:22 Australia/Canberra] looping through keys
[16-Nov-2017 18:51:22 Australia/Canberra] shipx
[16-Nov-2017 18:51:22 Australia/Canberra] 262
[16-Nov-2017 18:51:22 Australia/Canberra] looping through keys
[16-Nov-2017 18:51:22 Australia/Canberra] enemy1Count
[16-Nov-2017 18:51:22 Australia/Canberra] 4
[16-Nov-2017 18:51:22 Australia/Canberra] looping through keys
[16-Nov-2017 18:51:22 Australia/Canberra] enemy2Count
[16-Nov-2017 18:51:22 Australia/Canberra] 0
[16-Nov-2017 18:51:22 Australia/Canberra] looping through keys
[16-Nov-2017 18:51:22 Australia/Canberra] enemy3Count
[16-Nov-2017 18:51:22 Australia/Canberra] 0
[16-Nov-2017 18:51:22 Australia/Canberra] looping through keys
[16-Nov-2017 18:51:22 Australia/Canberra] enemy4Count
[16-Nov-2017 18:51:22 Australia/Canberra] 0
[16-Nov-2017 18:51:22 Australia/Canberra] looping through keys
[16-Nov-2017 18:51:22 Australia/Canberra] pyramidsy
[16-Nov-2017 18:51:22 Australia/Canberra] 2651
[16-Nov-2017 18:51:22 Australia/Canberra] looping through keys
[16-Nov-2017 18:51:22 Australia/Canberra] eventTime
[16-Nov-2017 18:51:22 Australia/Canberra] 123
[16-Nov-2017 18:51:22 Australia/Canberra] looping through keys
[16-Nov-2017 18:51:22 Australia/Canberra] minerAddressIn
[16-Nov-2017 18:51:22 Australia/Canberra] 04eb998fc2b5bdc103a52e278fbcfde3baef0b12b66794f7694aed454b0f068f5bf89db11f436984c7cb98e4b1bbb2feb2d979e16fc612195c8a62a91b03d9a419
[16-Nov-2017 18:51:22 Australia/Canberra] looping through keys
[16-Nov-2017 18:51:22 Australia/Canberra] utcTimeStamp
[16-Nov-2017 18:51:22 Australia/Canberra] 1510818681740
[16-Nov-2017 18:51:22 Australia/Canberra] looping through keys
[16-Nov-2017 18:51:22 Australia/Canberra] enemyBulletsFired
[16-Nov-2017 18:51:22 Australia/Canberra] 28
[16-Nov-2017 18:51:22 Australia/Canberra] looping through keys
[16-Nov-2017 18:51:22 Australia/Canberra] CPTrophy
[16-Nov-2017 18:51:22 Australia/Canberra] 0
[16-Nov-2017 18:51:22 Australia/Canberra] looping through keys
[16-Nov-2017 18:51:22 Australia/Canberra] bonus
[16-Nov-2017 18:51:22 Australia/Canberra] 0
[16-Nov-2017 18:51:22 Australia/Canberra] transactionPlainText:
[16-Nov-2017 18:51:22 Australia/Canberra] 041c4bc717563647d7980e5f46b79c3b68eb11667559f8b70ab07b737e985d33f078dd404e1abe0ffc752e9ebb1df1b38853f2d8a79ec54aaea91827779897c5a504eb998fc2b5bdc103a52e278fbcfde3baef0b12b66794f7694aed454b0f068f5bf89db11f436984c7cb98e4b1bbb2feb2d979e16fc612195c8a62a91b03d9a419cats in space1201510818681740
[16-Nov-2017 18:51:22 Australia/Canberra] file object was not null, pushing
[16-Nov-2017 18:51:22 Australia/Canberra] 041c4bc717563647d7980e5f46b79c3b68eb11667559f8b70ab07b737e985d33f078dd404e1abe0ffc752e9ebb1df1b38853f2d8a79ec54aaea91827779897c5a5
[17-Nov-2017 16:42:28 Australia/Canberra] looping through keys
[17-Nov-2017 16:42:28 Australia/Canberra] minerAddressIn
[17-Nov-2017 16:42:28 Australia/Canberra] 04eb998fc2b5bdc103a52e278fbcfde3baef0b12b66794f7694aed454b0f068f5bf89db11f436984c7cb98e4b1bbb2feb2d979e16fc612195c8a62a91b03d9a419
[17-Nov-2017 16:42:28 Australia/Canberra] looping through keys
[17-Nov-2017 16:42:28 Australia/Canberra] coinRewardIn
[17-Nov-2017 16:42:28 Australia/Canberra] 100
[17-Nov-2017 16:42:28 Australia/Canberra] looping through keys
[17-Nov-2017 16:42:28 Australia/Canberra] utcTimeStamp
[17-Nov-2017 16:42:28 Australia/Canberra] 1510897348243
[17-Nov-2017 16:42:28 Australia/Canberra] transactionPlainText:
[17-Nov-2017 16:42:28 Australia/Canberra] 041c4bc717563647d7980e5f46b79c3b68eb11667559f8b70ab07b737e985d33f078dd404e1abe0ffc752e9ebb1df1b38853f2d8a79ec54aaea91827779897c5a504eb998fc2b5bdc103a52e278fbcfde3baef0b12b66794f7694aed454b0f068f5bf89db11f436984c7cb98e4b1bbb2feb2d979e16fc612195c8a62a91b03d9a419freshly minted kitty goodness1001510897348243
[17-Nov-2017 16:42:29 Australia/Canberra] file object was not null, pushing
[17-Nov-2017 16:42:29 Australia/Canberra] 041c4bc717563647d7980e5f46b79c3b68eb11667559f8b70ab07b737e985d33f078dd404e1abe0ffc752e9ebb1df1b38853f2d8a79ec54aaea91827779897c5a5
[18-Nov-2017 22:47:18 Australia/Canberra] looping through keys
[18-Nov-2017 22:47:18 Australia/Canberra] minerAddressIn
[18-Nov-2017 22:47:18 Australia/Canberra] 04eb998fc2b5bdc103a52e278fbcfde3baef0b12b66794f7694aed454b0f068f5bf89db11f436984c7cb98e4b1bbb2feb2d979e16fc612195c8a62a91b03d9a419
[18-Nov-2017 22:47:18 Australia/Canberra] looping through keys
[18-Nov-2017 22:47:18 Australia/Canberra] coinRewardIn
[18-Nov-2017 22:47:18 Australia/Canberra] 100
[18-Nov-2017 22:47:18 Australia/Canberra] looping through keys
[18-Nov-2017 22:47:18 Australia/Canberra] utcTimeStamp
[18-Nov-2017 22:47:18 Australia/Canberra] 1511005637577
[18-Nov-2017 22:47:18 Australia/Canberra] transactionPlainText:
[18-Nov-2017 22:47:18 Australia/Canberra] 041c4bc717563647d7980e5f46b79c3b68eb11667559f8b70ab07b737e985d33f078dd404e1abe0ffc752e9ebb1df1b38853f2d8a79ec54aaea91827779897c5a504eb998fc2b5bdc103a52e278fbcfde3baef0b12b66794f7694aed454b0f068f5bf89db11f436984c7cb98e4b1bbb2feb2d979e16fc612195c8a62a91b03d9a419freshly minted kitty goodness1001511005637577
[18-Nov-2017 22:47:18 Australia/Canberra] file object was not null, pushing
[18-Nov-2017 22:47:18 Australia/Canberra] 041c4bc717563647d7980e5f46b79c3b68eb11667559f8b70ab07b737e985d33f078dd404e1abe0ffc752e9ebb1df1b38853f2d8a79ec54aaea91827779897c5a5
[18-Nov-2017 22:51:04 Australia/Canberra] looping through keys
[18-Nov-2017 22:51:04 Australia/Canberra] minerAddressIn
[18-Nov-2017 22:51:04 Australia/Canberra] 04eb998fc2b5bdc103a52e278fbcfde3baef0b12b66794f7694aed454b0f068f5bf89db11f436984c7cb98e4b1bbb2feb2d979e16fc612195c8a62a91b03d9a419
[18-Nov-2017 22:51:04 Australia/Canberra] looping through keys
[18-Nov-2017 22:51:04 Australia/Canberra] coinRewardIn
[18-Nov-2017 22:51:04 Australia/Canberra] 100
[18-Nov-2017 22:51:04 Australia/Canberra] looping through keys
[18-Nov-2017 22:51:04 Australia/Canberra] utcTimeStamp
[18-Nov-2017 22:51:04 Australia/Canberra] 1511005864025
[18-Nov-2017 22:51:04 Australia/Canberra] transactionPlainText:
[18-Nov-2017 22:51:04 Australia/Canberra] 041c4bc717563647d7980e5f46b79c3b68eb11667559f8b70ab07b737e985d33f078dd404e1abe0ffc752e9ebb1df1b38853f2d8a79ec54aaea91827779897c5a504eb998fc2b5bdc103a52e278fbcfde3baef0b12b66794f7694aed454b0f068f5bf89db11f436984c7cb98e4b1bbb2feb2d979e16fc612195c8a62a91b03d9a419freshly minted kitty goodness1001511005864025
[18-Nov-2017 22:51:04 Australia/Canberra] file object was not null, pushing
[18-Nov-2017 22:51:04 Australia/Canberra] 041c4bc717563647d7980e5f46b79c3b68eb11667559f8b70ab07b737e985d33f078dd404e1abe0ffc752e9ebb1df1b38853f2d8a79ec54aaea91827779897c5a5
[18-Nov-2017 22:54:51 Australia/Canberra] looping through keys
[18-Nov-2017 22:54:51 Australia/Canberra] minerAddressIn
[18-Nov-2017 22:54:51 Australia/Canberra] 04eb998fc2b5bdc103a52e278fbcfde3baef0b12b66794f7694aed454b0f068f5bf89db11f436984c7cb98e4b1bbb2feb2d979e16fc612195c8a62a91b03d9a419
[18-Nov-2017 22:54:51 Australia/Canberra] looping through keys
[18-Nov-2017 22:54:51 Australia/Canberra] coinRewardIn
[18-Nov-2017 22:54:51 Australia/Canberra] 100
[18-Nov-2017 22:54:51 Australia/Canberra] looping through keys
[18-Nov-2017 22:54:51 Australia/Canberra] utcTimeStamp
[18-Nov-2017 22:54:51 Australia/Canberra] 1511006091339
[18-Nov-2017 22:54:51 Australia/Canberra] transactionPlainText:
[18-Nov-2017 22:54:51 Australia/Canberra] 041c4bc717563647d7980e5f46b79c3b68eb11667559f8b70ab07b737e985d33f078dd404e1abe0ffc752e9ebb1df1b38853f2d8a79ec54aaea91827779897c5a504eb998fc2b5bdc103a52e278fbcfde3baef0b12b66794f7694aed454b0f068f5bf89db11f436984c7cb98e4b1bbb2feb2d979e16fc612195c8a62a91b03d9a419freshly minted kitty goodness1001511006091339
[18-Nov-2017 22:54:51 Australia/Canberra] file object was not null, pushing
[18-Nov-2017 22:54:51 Australia/Canberra] 041c4bc717563647d7980e5f46b79c3b68eb11667559f8b70ab07b737e985d33f078dd404e1abe0ffc752e9ebb1df1b38853f2d8a79ec54aaea91827779897c5a5
[18-Nov-2017 22:55:40 Australia/Canberra] looping through keys
[18-Nov-2017 22:55:40 Australia/Canberra] minerAddressIn
[18-Nov-2017 22:55:40 Australia/Canberra] 04eb998fc2b5bdc103a52e278fbcfde3baef0b12b66794f7694aed454b0f068f5bf89db11f436984c7cb98e4b1bbb2feb2d979e16fc612195c8a62a91b03d9a419
[18-Nov-2017 22:55:40 Australia/Canberra] looping through keys
[18-Nov-2017 22:55:40 Australia/Canberra] coinRewardIn
[18-Nov-2017 22:55:40 Australia/Canberra] 100
[18-Nov-2017 22:55:40 Australia/Canberra] looping through keys
[18-Nov-2017 22:55:40 Australia/Canberra] utcTimeStamp
[18-Nov-2017 22:55:40 Australia/Canberra] 1511006140888
[18-Nov-2017 22:55:40 Australia/Canberra] transactionPlainText:
[18-Nov-2017 22:55:40 Australia/Canberra] 041c4bc717563647d7980e5f46b79c3b68eb11667559f8b70ab07b737e985d33f078dd404e1abe0ffc752e9ebb1df1b38853f2d8a79ec54aaea91827779897c5a504eb998fc2b5bdc103a52e278fbcfde3baef0b12b66794f7694aed454b0f068f5bf89db11f436984c7cb98e4b1bbb2feb2d979e16fc612195c8a62a91b03d9a419freshly minted kitty goodness1001511006140888
[18-Nov-2017 22:55:41 Australia/Canberra] file object was not null, pushing
[18-Nov-2017 22:55:41 Australia/Canberra] 041c4bc717563647d7980e5f46b79c3b68eb11667559f8b70ab07b737e985d33f078dd404e1abe0ffc752e9ebb1df1b38853f2d8a79ec54aaea91827779897c5a5
[18-Nov-2017 22:57:32 Australia/Canberra] looping through keys
[18-Nov-2017 22:57:32 Australia/Canberra] minerAddressIn
[18-Nov-2017 22:57:32 Australia/Canberra] 04eb998fc2b5bdc103a52e278fbcfde3baef0b12b66794f7694aed454b0f068f5bf89db11f436984c7cb98e4b1bbb2feb2d979e16fc612195c8a62a91b03d9a419
[18-Nov-2017 22:57:32 Australia/Canberra] looping through keys
[18-Nov-2017 22:57:32 Australia/Canberra] coinRewardIn
[18-Nov-2017 22:57:32 Australia/Canberra] 100
[18-Nov-2017 22:57:32 Australia/Canberra] looping through keys
[18-Nov-2017 22:57:32 Australia/Canberra] utcTimeStamp
[18-Nov-2017 22:57:32 Australia/Canberra] 1511006252408
[18-Nov-2017 22:57:32 Australia/Canberra] transactionPlainText:
[18-Nov-2017 22:57:32 Australia/Canberra] 041c4bc717563647d7980e5f46b79c3b68eb11667559f8b70ab07b737e985d33f078dd404e1abe0ffc752e9ebb1df1b38853f2d8a79ec54aaea91827779897c5a504eb998fc2b5bdc103a52e278fbcfde3baef0b12b66794f7694aed454b0f068f5bf89db11f436984c7cb98e4b1bbb2feb2d979e16fc612195c8a62a91b03d9a419freshly minted kitty goodness1001511006252408
[18-Nov-2017 22:57:32 Australia/Canberra] file object was not null, pushing
[18-Nov-2017 22:57:32 Australia/Canberra] 041c4bc717563647d7980e5f46b79c3b68eb11667559f8b70ab07b737e985d33f078dd404e1abe0ffc752e9ebb1df1b38853f2d8a79ec54aaea91827779897c5a5
[18-Nov-2017 22:58:48 Australia/Canberra] looping through keys
[18-Nov-2017 22:58:48 Australia/Canberra] minerAddressIn
[18-Nov-2017 22:58:48 Australia/Canberra] 04eb998fc2b5bdc103a52e278fbcfde3baef0b12b66794f7694aed454b0f068f5bf89db11f436984c7cb98e4b1bbb2feb2d979e16fc612195c8a62a91b03d9a419
[18-Nov-2017 22:58:48 Australia/Canberra] looping through keys
[18-Nov-2017 22:58:48 Australia/Canberra] coinRewardIn
[18-Nov-2017 22:58:48 Australia/Canberra] 100
[18-Nov-2017 22:58:48 Australia/Canberra] looping through keys
[18-Nov-2017 22:58:48 Australia/Canberra] utcTimeStamp
[18-Nov-2017 22:58:48 Australia/Canberra] 1511006328879
[18-Nov-2017 22:58:48 Australia/Canberra] transactionPlainText:
[18-Nov-2017 22:58:48 Australia/Canberra] 041c4bc717563647d7980e5f46b79c3b68eb11667559f8b70ab07b737e985d33f078dd404e1abe0ffc752e9ebb1df1b38853f2d8a79ec54aaea91827779897c5a504eb998fc2b5bdc103a52e278fbcfde3baef0b12b66794f7694aed454b0f068f5bf89db11f436984c7cb98e4b1bbb2feb2d979e16fc612195c8a62a91b03d9a419freshly minted kitty goodness1001511006328879
[18-Nov-2017 22:58:49 Australia/Canberra] file object was not null, pushing
[18-Nov-2017 22:58:49 Australia/Canberra] 041c4bc717563647d7980e5f46b79c3b68eb11667559f8b70ab07b737e985d33f078dd404e1abe0ffc752e9ebb1df1b38853f2d8a79ec54aaea91827779897c5a5
[18-Nov-2017 23:00:32 Australia/Canberra] looping through keys
[18-Nov-2017 23:00:32 Australia/Canberra] minerAddressIn
[18-Nov-2017 23:00:32 Australia/Canberra] 04eb998fc2b5bdc103a52e278fbcfde3baef0b12b66794f7694aed454b0f068f5bf89db11f436984c7cb98e4b1bbb2feb2d979e16fc612195c8a62a91b03d9a419
[18-Nov-2017 23:00:32 Australia/Canberra] looping through keys
[18-Nov-2017 23:00:32 Australia/Canberra] coinRewardIn
[18-Nov-2017 23:00:32 Australia/Canberra] 100
[18-Nov-2017 23:00:32 Australia/Canberra] looping through keys
[18-Nov-2017 23:00:32 Australia/Canberra] utcTimeStamp
[18-Nov-2017 23:00:32 Australia/Canberra] 1511006432238
[18-Nov-2017 23:00:32 Australia/Canberra] transactionPlainText:
[18-Nov-2017 23:00:32 Australia/Canberra] 041c4bc717563647d7980e5f46b79c3b68eb11667559f8b70ab07b737e985d33f078dd404e1abe0ffc752e9ebb1df1b38853f2d8a79ec54aaea91827779897c5a504eb998fc2b5bdc103a52e278fbcfde3baef0b12b66794f7694aed454b0f068f5bf89db11f436984c7cb98e4b1bbb2feb2d979e16fc612195c8a62a91b03d9a419freshly minted kitty goodness1001511006432238
[18-Nov-2017 23:00:32 Australia/Canberra] file object was not null, pushing
[18-Nov-2017 23:00:32 Australia/Canberra] 041c4bc717563647d7980e5f46b79c3b68eb11667559f8b70ab07b737e985d33f078dd404e1abe0ffc752e9ebb1df1b38853f2d8a79ec54aaea91827779897c5a5
[18-Nov-2017 23:01:35 Australia/Canberra] looping through keys
[18-Nov-2017 23:01:35 Australia/Canberra] minerAddressIn
[18-Nov-2017 23:01:35 Australia/Canberra] 04eb998fc2b5bdc103a52e278fbcfde3baef0b12b66794f7694aed454b0f068f5bf89db11f436984c7cb98e4b1bbb2feb2d979e16fc612195c8a62a91b03d9a419
[18-Nov-2017 23:01:35 Australia/Canberra] looping through keys
[18-Nov-2017 23:01:35 Australia/Canberra] coinRewardIn
[18-Nov-2017 23:01:35 Australia/Canberra] 100
[18-Nov-2017 23:01:35 Australia/Canberra] looping through keys
[18-Nov-2017 23:01:35 Australia/Canberra] utcTimeStamp
[18-Nov-2017 23:01:35 Australia/Canberra] 1511006495040
[18-Nov-2017 23:01:35 Australia/Canberra] transactionPlainText:
[18-Nov-2017 23:01:35 Australia/Canberra] 041c4bc717563647d7980e5f46b79c3b68eb11667559f8b70ab07b737e985d33f078dd404e1abe0ffc752e9ebb1df1b38853f2d8a79ec54aaea91827779897c5a504eb998fc2b5bdc103a52e278fbcfde3baef0b12b66794f7694aed454b0f068f5bf89db11f436984c7cb98e4b1bbb2feb2d979e16fc612195c8a62a91b03d9a419freshly minted kitty goodness1001511006495040
[18-Nov-2017 23:01:35 Australia/Canberra] file object was not null, pushing
[18-Nov-2017 23:01:35 Australia/Canberra] 041c4bc717563647d7980e5f46b79c3b68eb11667559f8b70ab07b737e985d33f078dd404e1abe0ffc752e9ebb1df1b38853f2d8a79ec54aaea91827779897c5a5
[18-Nov-2017 23:02:38 Australia/Canberra] looping through keys
[18-Nov-2017 23:02:38 Australia/Canberra] minerAddressIn
[18-Nov-2017 23:02:38 Australia/Canberra] 04eb998fc2b5bdc103a52e278fbcfde3baef0b12b66794f7694aed454b0f068f5bf89db11f436984c7cb98e4b1bbb2feb2d979e16fc612195c8a62a91b03d9a419
[18-Nov-2017 23:02:38 Australia/Canberra] looping through keys
[18-Nov-2017 23:02:38 Australia/Canberra] coinRewardIn
[18-Nov-2017 23:02:38 Australia/Canberra] 100
[18-Nov-2017 23:02:38 Australia/Canberra] looping through keys
[18-Nov-2017 23:02:38 Australia/Canberra] utcTimeStamp
[18-Nov-2017 23:02:38 Australia/Canberra] 1511006558620
[18-Nov-2017 23:02:38 Australia/Canberra] transactionPlainText:
[18-Nov-2017 23:02:38 Australia/Canberra] 041c4bc717563647d7980e5f46b79c3b68eb11667559f8b70ab07b737e985d33f078dd404e1abe0ffc752e9ebb1df1b38853f2d8a79ec54aaea91827779897c5a504eb998fc2b5bdc103a52e278fbcfde3baef0b12b66794f7694aed454b0f068f5bf89db11f436984c7cb98e4b1bbb2feb2d979e16fc612195c8a62a91b03d9a419freshly minted kitty goodness1001511006558620
[18-Nov-2017 23:02:38 Australia/Canberra] file object was not null, pushing
[18-Nov-2017 23:02:38 Australia/Canberra] 041c4bc717563647d7980e5f46b79c3b68eb11667559f8b70ab07b737e985d33f078dd404e1abe0ffc752e9ebb1df1b38853f2d8a79ec54aaea91827779897c5a5
[18-Nov-2017 23:06:47 Australia/Canberra] file object was null
[18-Nov-2017 23:06:47 Australia/Canberra] PHP Notice:  Undefined offset: 0 in C:\inetpub\wwwroot\catship_production\json\catShipTransaction.php on line 29
[18-Nov-2017 23:06:47 Australia/Canberra] 
[18-Nov-2017 23:06:56 Australia/Canberra] looping through keys
[18-Nov-2017 23:06:56 Australia/Canberra] minerAddressIn
[18-Nov-2017 23:06:56 Australia/Canberra] 04eb998fc2b5bdc103a52e278fbcfde3baef0b12b66794f7694aed454b0f068f5bf89db11f436984c7cb98e4b1bbb2feb2d979e16fc612195c8a62a91b03d9a419
[18-Nov-2017 23:06:56 Australia/Canberra] looping through keys
[18-Nov-2017 23:06:56 Australia/Canberra] coinRewardIn
[18-Nov-2017 23:06:56 Australia/Canberra] 100
[18-Nov-2017 23:06:56 Australia/Canberra] looping through keys
[18-Nov-2017 23:06:56 Australia/Canberra] utcTimeStamp
[18-Nov-2017 23:06:56 Australia/Canberra] 1511006816179
[18-Nov-2017 23:06:56 Australia/Canberra] transactionPlainText:
[18-Nov-2017 23:06:56 Australia/Canberra] 041c4bc717563647d7980e5f46b79c3b68eb11667559f8b70ab07b737e985d33f078dd404e1abe0ffc752e9ebb1df1b38853f2d8a79ec54aaea91827779897c5a504eb998fc2b5bdc103a52e278fbcfde3baef0b12b66794f7694aed454b0f068f5bf89db11f436984c7cb98e4b1bbb2feb2d979e16fc612195c8a62a91b03d9a419freshly minted kitty goodness1001511006816179
[18-Nov-2017 23:06:56 Australia/Canberra] file object was not null, pushing
[18-Nov-2017 23:06:56 Australia/Canberra] 04eb998fc2b5bdc103a52e278fbcfde3baef0b12b66794f7694aed454b0f068f5bf89db11f436984c7cb98e4b1bbb2feb2d979e16fc612195c8a62a91b03d9a419
[18-Nov-2017 23:12:16 Australia/Canberra] file object was null
[18-Nov-2017 23:12:16 Australia/Canberra] PHP Notice:  Undefined offset: 0 in C:\inetpub\wwwroot\catship_production\json\catShipTransaction.php on line 29
[18-Nov-2017 23:12:16 Australia/Canberra] 
[18-Nov-2017 23:16:36 Australia/Canberra] file object was not null, pushing
[18-Nov-2017 23:16:36 Australia/Canberra] 04eb998fc2b5bdc103a52e278fbcfde3baef0b12b66794f7694aed454b0f068f5bf89db11f436984c7cb98e4b1bbb2feb2d979e16fc612195c8a62a91b03d9a419
[18-Nov-2017 23:22:56 Australia/Canberra] file object was not null, pushing
[18-Nov-2017 23:22:56 Australia/Canberra] 04eb998fc2b5bdc103a52e278fbcfde3baef0b12b66794f7694aed454b0f068f5bf89db11f436984c7cb98e4b1bbb2feb2d979e16fc612195c8a62a91b03d9a419
[18-Nov-2017 23:30:22 Australia/Canberra] looping through keys
[18-Nov-2017 23:30:22 Australia/Canberra] minerAddressIn
[18-Nov-2017 23:30:22 Australia/Canberra] 04bbcb8aabd16b91b18583ee9ef600a962b00c3ac29b37a5ee44a850ac2c12fc0e40dfe0bfe5dd9476be9aed763e9e2ab88a0a446c332e1908c173ac8252041ac1
[18-Nov-2017 23:30:22 Australia/Canberra] looping through keys
[18-Nov-2017 23:30:22 Australia/Canberra] coinRewardIn
[18-Nov-2017 23:30:22 Australia/Canberra] 100
[18-Nov-2017 23:30:22 Australia/Canberra] looping through keys
[18-Nov-2017 23:30:22 Australia/Canberra] utcTimeStamp
[18-Nov-2017 23:30:22 Australia/Canberra] 1511008222162
[18-Nov-2017 23:30:22 Australia/Canberra] transactionPlainText:
[18-Nov-2017 23:30:22 Australia/Canberra] 041c4bc717563647d7980e5f46b79c3b68eb11667559f8b70ab07b737e985d33f078dd404e1abe0ffc752e9ebb1df1b38853f2d8a79ec54aaea91827779897c5a504bbcb8aabd16b91b18583ee9ef600a962b00c3ac29b37a5ee44a850ac2c12fc0e40dfe0bfe5dd9476be9aed763e9e2ab88a0a446c332e1908c173ac8252041ac1freshly minted kitty goodness1001511008222162
[18-Nov-2017 23:30:22 Australia/Canberra] file object was null
[18-Nov-2017 23:30:22 Australia/Canberra] 
[18-Nov-2017 23:30:29 Australia/Canberra] looping through keys
[18-Nov-2017 23:30:29 Australia/Canberra] minerAddressIn
[18-Nov-2017 23:30:29 Australia/Canberra] 04bbcb8aabd16b91b18583ee9ef600a962b00c3ac29b37a5ee44a850ac2c12fc0e40dfe0bfe5dd9476be9aed763e9e2ab88a0a446c332e1908c173ac8252041ac1
[18-Nov-2017 23:30:29 Australia/Canberra] looping through keys
[18-Nov-2017 23:30:29 Australia/Canberra] coinRewardIn
[18-Nov-2017 23:30:29 Australia/Canberra] 100
[18-Nov-2017 23:30:29 Australia/Canberra] looping through keys
[18-Nov-2017 23:30:29 Australia/Canberra] utcTimeStamp
[18-Nov-2017 23:30:29 Australia/Canberra] 1511008229513
[18-Nov-2017 23:30:29 Australia/Canberra] transactionPlainText:
[18-Nov-2017 23:30:29 Australia/Canberra] 041c4bc717563647d7980e5f46b79c3b68eb11667559f8b70ab07b737e985d33f078dd404e1abe0ffc752e9ebb1df1b38853f2d8a79ec54aaea91827779897c5a504bbcb8aabd16b91b18583ee9ef600a962b00c3ac29b37a5ee44a850ac2c12fc0e40dfe0bfe5dd9476be9aed763e9e2ab88a0a446c332e1908c173ac8252041ac1freshly minted kitty goodness1001511008229513
[18-Nov-2017 23:31:21 Australia/Canberra] players ip address
[18-Nov-2017 23:31:21 Australia/Canberra] ::1
[18-Nov-2017 23:31:21 Australia/Canberra] looping through keys
[18-Nov-2017 23:31:21 Australia/Canberra] checkpointTotal
[18-Nov-2017 23:31:21 Australia/Canberra] 119
[18-Nov-2017 23:31:21 Australia/Canberra] looping through keys
[18-Nov-2017 23:31:21 Australia/Canberra] checkpointEnemyCount
[18-Nov-2017 23:31:21 Australia/Canberra] 12
[18-Nov-2017 23:31:21 Australia/Canberra] looping through keys
[18-Nov-2017 23:31:21 Australia/Canberra] checkpointSb
[18-Nov-2017 23:31:21 Australia/Canberra] 1
[18-Nov-2017 23:31:21 Australia/Canberra] looping through keys
[18-Nov-2017 23:31:21 Australia/Canberra] checkpointPyramidCount
[18-Nov-2017 23:31:21 Australia/Canberra] 0
[18-Nov-2017 23:31:21 Australia/Canberra] looping through keys
[18-Nov-2017 23:31:21 Australia/Canberra] checkpointPyramidTimer
[18-Nov-2017 23:31:21 Australia/Canberra] 0
[18-Nov-2017 23:31:21 Australia/Canberra] looping through keys
[18-Nov-2017 23:31:21 Australia/Canberra] checkpointPyramidsOffset
[18-Nov-2017 23:31:21 Australia/Canberra] 2137
[18-Nov-2017 23:31:21 Australia/Canberra] looping through keys
[18-Nov-2017 23:31:21 Australia/Canberra] checkpointStage1Y
[18-Nov-2017 23:31:21 Australia/Canberra] -3720
[18-Nov-2017 23:31:21 Australia/Canberra] looping through keys
[18-Nov-2017 23:31:21 Australia/Canberra] checkpointStage2Y
[18-Nov-2017 23:31:21 Australia/Canberra] 0
[18-Nov-2017 23:31:21 Australia/Canberra] looping through keys
[18-Nov-2017 23:31:21 Australia/Canberra] checkpointPyramidsY
[18-Nov-2017 23:31:21 Australia/Canberra] 2137
[18-Nov-2017 23:31:21 Australia/Canberra] looping through keys
[18-Nov-2017 23:31:21 Australia/Canberra] checkpointCheckpoint
[18-Nov-2017 23:31:21 Australia/Canberra] 0
[18-Nov-2017 23:31:21 Australia/Canberra] looping through keys
[18-Nov-2017 23:31:21 Australia/Canberra] checkpointShipFP
[18-Nov-2017 23:31:21 Australia/Canberra] 0
[18-Nov-2017 23:31:21 Australia/Canberra] looping through keys
[18-Nov-2017 23:31:21 Australia/Canberra] checkpointStagespeed
[18-Nov-2017 23:31:21 Australia/Canberra] 1
[18-Nov-2017 23:31:21 Australia/Canberra] looping through keys
[18-Nov-2017 23:31:21 Australia/Canberra] health
[18-Nov-2017 23:31:21 Australia/Canberra] -1
[18-Nov-2017 23:31:21 Australia/Canberra] looping through keys
[18-Nov-2017 23:31:21 Australia/Canberra] alienHealth
[18-Nov-2017 23:31:21 Australia/Canberra] 12
[18-Nov-2017 23:31:21 Australia/Canberra] looping through keys
[18-Nov-2017 23:31:21 Australia/Canberra] total
[18-Nov-2017 23:31:21 Australia/Canberra] 141
[18-Nov-2017 23:31:21 Australia/Canberra] looping through keys
[18-Nov-2017 23:31:21 Australia/Canberra] sb
[18-Nov-2017 23:31:21 Australia/Canberra] 4
[18-Nov-2017 23:31:21 Australia/Canberra] looping through keys
[18-Nov-2017 23:31:21 Australia/Canberra] enemyCount
[18-Nov-2017 23:31:21 Australia/Canberra] 12
[18-Nov-2017 23:31:21 Australia/Canberra] looping through keys
[18-Nov-2017 23:31:21 Australia/Canberra] score
[18-Nov-2017 23:31:21 Australia/Canberra] 100
[18-Nov-2017 23:31:21 Australia/Canberra] looping through keys
[18-Nov-2017 23:31:21 Australia/Canberra] row
[18-Nov-2017 23:31:21 Australia/Canberra] 5
[18-Nov-2017 23:31:21 Australia/Canberra] looping through keys
[18-Nov-2017 23:31:21 Australia/Canberra] pyramidCount
[18-Nov-2017 23:31:21 Australia/Canberra] 31
[18-Nov-2017 23:31:21 Australia/Canberra] looping through keys
[18-Nov-2017 23:31:21 Australia/Canberra] pyramidTimer
[18-Nov-2017 23:31:21 Australia/Canberra] 141
[18-Nov-2017 23:31:21 Australia/Canberra] looping through keys
[18-Nov-2017 23:31:21 Australia/Canberra] pyramidsOffset
[18-Nov-2017 23:31:21 Australia/Canberra] 3216
[18-Nov-2017 23:31:21 Australia/Canberra] looping through keys
[18-Nov-2017 23:31:21 Australia/Canberra] checkpoint
[18-Nov-2017 23:31:21 Australia/Canberra] 1
[18-Nov-2017 23:31:21 Australia/Canberra] looping through keys
[18-Nov-2017 23:31:21 Australia/Canberra] shipFP
[18-Nov-2017 23:31:21 Australia/Canberra] 0
[18-Nov-2017 23:31:21 Australia/Canberra] looping through keys
[18-Nov-2017 23:31:21 Australia/Canberra] stagespeed
[18-Nov-2017 23:31:21 Australia/Canberra] 4
[18-Nov-2017 23:31:21 Australia/Canberra] looping through keys
[18-Nov-2017 23:31:21 Australia/Canberra] shipy
[18-Nov-2017 23:31:21 Australia/Canberra] 292.5
[18-Nov-2017 23:31:21 Australia/Canberra] looping through keys
[18-Nov-2017 23:31:21 Australia/Canberra] shipx
[18-Nov-2017 23:31:21 Australia/Canberra] 180.83333333333
[18-Nov-2017 23:31:21 Australia/Canberra] looping through keys
[18-Nov-2017 23:31:21 Australia/Canberra] enemy1Count
[18-Nov-2017 23:31:21 Australia/Canberra] 4
[18-Nov-2017 23:31:21 Australia/Canberra] looping through keys
[18-Nov-2017 23:31:21 Australia/Canberra] enemy2Count
[18-Nov-2017 23:31:21 Australia/Canberra] 0
[18-Nov-2017 23:31:21 Australia/Canberra] looping through keys
[18-Nov-2017 23:31:21 Australia/Canberra] enemy3Count
[18-Nov-2017 23:31:21 Australia/Canberra] 0
[18-Nov-2017 23:31:21 Australia/Canberra] looping through keys
[18-Nov-2017 23:31:21 Australia/Canberra] enemy4Count
[18-Nov-2017 23:31:21 Australia/Canberra] 0
[18-Nov-2017 23:31:21 Australia/Canberra] looping through keys
[18-Nov-2017 23:31:21 Australia/Canberra] pyramidsy
[18-Nov-2017 23:31:22 Australia/Canberra] 3216
[18-Nov-2017 23:31:22 Australia/Canberra] looping through keys
[18-Nov-2017 23:31:22 Australia/Canberra] eventTime
[18-Nov-2017 23:31:22 Australia/Canberra] 141
[18-Nov-2017 23:31:22 Australia/Canberra] looping through keys
[18-Nov-2017 23:31:22 Australia/Canberra] minerAddressIn
[18-Nov-2017 23:31:22 Australia/Canberra] 04bbcb8aabd16b91b18583ee9ef600a962b00c3ac29b37a5ee44a850ac2c12fc0e40dfe0bfe5dd9476be9aed763e9e2ab88a0a446c332e1908c173ac8252041ac1
[18-Nov-2017 23:31:22 Australia/Canberra] looping through keys
[18-Nov-2017 23:31:22 Australia/Canberra] utcTimeStamp
[18-Nov-2017 23:31:22 Australia/Canberra] 1511008281687
[18-Nov-2017 23:31:22 Australia/Canberra] looping through keys
[18-Nov-2017 23:31:22 Australia/Canberra] enemyBulletsFired
[18-Nov-2017 23:31:22 Australia/Canberra] 40
[18-Nov-2017 23:31:22 Australia/Canberra] looping through keys
[18-Nov-2017 23:31:22 Australia/Canberra] CPTrophy
[18-Nov-2017 23:31:22 Australia/Canberra] 0
[18-Nov-2017 23:31:22 Australia/Canberra] looping through keys
[18-Nov-2017 23:31:22 Australia/Canberra] bonus
[18-Nov-2017 23:31:22 Australia/Canberra] 0
[18-Nov-2017 23:31:22 Australia/Canberra] transactionPlainText:
[18-Nov-2017 23:31:22 Australia/Canberra] 041c4bc717563647d7980e5f46b79c3b68eb11667559f8b70ab07b737e985d33f078dd404e1abe0ffc752e9ebb1df1b38853f2d8a79ec54aaea91827779897c5a504bbcb8aabd16b91b18583ee9ef600a962b00c3ac29b37a5ee44a850ac2c12fc0e40dfe0bfe5dd9476be9aed763e9e2ab88a0a446c332e1908c173ac8252041ac1cats in space1001511008281687
[18-Nov-2017 23:31:22 Australia/Canberra] file object was null
[18-Nov-2017 23:31:22 Australia/Canberra] PHP Notice:  Undefined offset: 0 in C:\inetpub\wwwroot\catship_production\json\catShipTransaction.php on line 29
[18-Nov-2017 23:31:22 Australia/Canberra] 
[18-Nov-2017 23:31:44 Australia/Canberra] looping through keys
[18-Nov-2017 23:31:44 Australia/Canberra] minerAddressIn
[18-Nov-2017 23:31:45 Australia/Canberra] 04bbcb8aabd16b91b18583ee9ef600a962b00c3ac29b37a5ee44a850ac2c12fc0e40dfe0bfe5dd9476be9aed763e9e2ab88a0a446c332e1908c173ac8252041ac1
[18-Nov-2017 23:31:45 Australia/Canberra] looping through keys
[18-Nov-2017 23:31:45 Australia/Canberra] coinRewardIn
[18-Nov-2017 23:31:45 Australia/Canberra] 100
[18-Nov-2017 23:31:45 Australia/Canberra] looping through keys
[18-Nov-2017 23:31:45 Australia/Canberra] utcTimeStamp
[18-Nov-2017 23:31:45 Australia/Canberra] 1511008304990
[18-Nov-2017 23:31:45 Australia/Canberra] transactionPlainText:
[18-Nov-2017 23:31:45 Australia/Canberra] 041c4bc717563647d7980e5f46b79c3b68eb11667559f8b70ab07b737e985d33f078dd404e1abe0ffc752e9ebb1df1b38853f2d8a79ec54aaea91827779897c5a504bbcb8aabd16b91b18583ee9ef600a962b00c3ac29b37a5ee44a850ac2c12fc0e40dfe0bfe5dd9476be9aed763e9e2ab88a0a446c332e1908c173ac8252041ac1freshly minted kitty goodness1001511008304990
[18-Nov-2017 23:31:45 Australia/Canberra] file object was not null, pushing
[18-Nov-2017 23:31:45 Australia/Canberra] 041c4bc717563647d7980e5f46b79c3b68eb11667559f8b70ab07b737e985d33f078dd404e1abe0ffc752e9ebb1df1b38853f2d8a79ec54aaea91827779897c5a5
[18-Nov-2017 23:32:01 Australia/Canberra] looping through keys
[18-Nov-2017 23:32:01 Australia/Canberra] minerAddressIn
[18-Nov-2017 23:32:01 Australia/Canberra] 04bbcb8aabd16b91b18583ee9ef600a962b00c3ac29b37a5ee44a850ac2c12fc0e40dfe0bfe5dd9476be9aed763e9e2ab88a0a446c332e1908c173ac8252041ac1
[18-Nov-2017 23:32:01 Australia/Canberra] looping through keys
[18-Nov-2017 23:32:01 Australia/Canberra] coinRewardIn
[18-Nov-2017 23:32:01 Australia/Canberra] 100
[18-Nov-2017 23:32:01 Australia/Canberra] looping through keys
[18-Nov-2017 23:32:01 Australia/Canberra] utcTimeStamp
[18-Nov-2017 23:32:01 Australia/Canberra] 1511008321874
[18-Nov-2017 23:32:01 Australia/Canberra] transactionPlainText:
[18-Nov-2017 23:32:01 Australia/Canberra] 041c4bc717563647d7980e5f46b79c3b68eb11667559f8b70ab07b737e985d33f078dd404e1abe0ffc752e9ebb1df1b38853f2d8a79ec54aaea91827779897c5a504bbcb8aabd16b91b18583ee9ef600a962b00c3ac29b37a5ee44a850ac2c12fc0e40dfe0bfe5dd9476be9aed763e9e2ab88a0a446c332e1908c173ac8252041ac1freshly minted kitty goodness1001511008321874
[18-Nov-2017 23:32:02 Australia/Canberra] file object was null
[18-Nov-2017 23:32:02 Australia/Canberra] PHP Notice:  Undefined offset: 0 in C:\inetpub\wwwroot\catship_production\json\catShipTransaction.php on line 29
[18-Nov-2017 23:32:02 Australia/Canberra] 
[18-Nov-2017 23:34:22 Australia/Canberra] file object was null
[18-Nov-2017 23:34:22 Australia/Canberra] PHP Notice:  Undefined offset: 0 in C:\inetpub\wwwroot\catship_production\json\catShipTransaction.php on line 29
[18-Nov-2017 23:34:22 Australia/Canberra] 
[18-Nov-2017 23:34:29 Australia/Canberra] looping through keys
[18-Nov-2017 23:34:29 Australia/Canberra] minerAddressIn
[18-Nov-2017 23:34:29 Australia/Canberra] 04bbcb8aabd16b91b18583ee9ef600a962b00c3ac29b37a5ee44a850ac2c12fc0e40dfe0bfe5dd9476be9aed763e9e2ab88a0a446c332e1908c173ac8252041ac1
[18-Nov-2017 23:34:29 Australia/Canberra] looping through keys
[18-Nov-2017 23:34:29 Australia/Canberra] coinRewardIn
[18-Nov-2017 23:34:29 Australia/Canberra] 100
[18-Nov-2017 23:34:29 Australia/Canberra] looping through keys
[18-Nov-2017 23:34:29 Australia/Canberra] utcTimeStamp
[18-Nov-2017 23:34:29 Australia/Canberra] 1511008469851
[18-Nov-2017 23:34:29 Australia/Canberra] transactionPlainText:
[18-Nov-2017 23:34:29 Australia/Canberra] 041c4bc717563647d7980e5f46b79c3b68eb11667559f8b70ab07b737e985d33f078dd404e1abe0ffc752e9ebb1df1b38853f2d8a79ec54aaea91827779897c5a504bbcb8aabd16b91b18583ee9ef600a962b00c3ac29b37a5ee44a850ac2c12fc0e40dfe0bfe5dd9476be9aed763e9e2ab88a0a446c332e1908c173ac8252041ac1freshly minted kitty goodness1001511008469851
[18-Nov-2017 23:34:30 Australia/Canberra] file object was not null, pushing
[18-Nov-2017 23:34:30 Australia/Canberra] 04bbcb8aabd16b91b18583ee9ef600a962b00c3ac29b37a5ee44a850ac2c12fc0e40dfe0bfe5dd9476be9aed763e9e2ab88a0a446c332e1908c173ac8252041ac1
[18-Nov-2017 23:36:58 Australia/Canberra] file object was null
[18-Nov-2017 23:36:58 Australia/Canberra] PHP Notice:  Undefined offset: 0 in C:\inetpub\wwwroot\catship_production\json\catShipTransaction.php on line 29
[18-Nov-2017 23:36:58 Australia/Canberra] 
[18-Nov-2017 23:37:02 Australia/Canberra] looping through keys
[18-Nov-2017 23:37:02 Australia/Canberra] minerAddressIn
[18-Nov-2017 23:37:02 Australia/Canberra] 04bbcb8aabd16b91b18583ee9ef600a962b00c3ac29b37a5ee44a850ac2c12fc0e40dfe0bfe5dd9476be9aed763e9e2ab88a0a446c332e1908c173ac8252041ac1
[18-Nov-2017 23:37:02 Australia/Canberra] looping through keys
[18-Nov-2017 23:37:02 Australia/Canberra] coinRewardIn
[18-Nov-2017 23:37:02 Australia/Canberra] 100
[18-Nov-2017 23:37:02 Australia/Canberra] looping through keys
[18-Nov-2017 23:37:02 Australia/Canberra] utcTimeStamp
[18-Nov-2017 23:37:02 Australia/Canberra] 1511008622661
[18-Nov-2017 23:37:02 Australia/Canberra] transactionPlainText:
[18-Nov-2017 23:37:02 Australia/Canberra] 041c4bc717563647d7980e5f46b79c3b68eb11667559f8b70ab07b737e985d33f078dd404e1abe0ffc752e9ebb1df1b38853f2d8a79ec54aaea91827779897c5a504bbcb8aabd16b91b18583ee9ef600a962b00c3ac29b37a5ee44a850ac2c12fc0e40dfe0bfe5dd9476be9aed763e9e2ab88a0a446c332e1908c173ac8252041ac1freshly minted kitty goodness1001511008622661
[18-Nov-2017 23:37:02 Australia/Canberra] file object was not null, pushing
[18-Nov-2017 23:37:02 Australia/Canberra] 04bbcb8aabd16b91b18583ee9ef600a962b00c3ac29b37a5ee44a850ac2c12fc0e40dfe0bfe5dd9476be9aed763e9e2ab88a0a446c332e1908c173ac8252041ac1
[18-Nov-2017 23:39:58 Australia/Canberra] file object was null
[18-Nov-2017 23:39:58 Australia/Canberra] PHP Notice:  Undefined offset: 0 in C:\inetpub\wwwroot\catship_production\json\catShipTransaction.php on line 29
[18-Nov-2017 23:39:58 Australia/Canberra] 
[18-Nov-2017 23:40:02 Australia/Canberra] looping through keys
[18-Nov-2017 23:40:02 Australia/Canberra] minerAddressIn
[18-Nov-2017 23:40:02 Australia/Canberra] 04bbcb8aabd16b91b18583ee9ef600a962b00c3ac29b37a5ee44a850ac2c12fc0e40dfe0bfe5dd9476be9aed763e9e2ab88a0a446c332e1908c173ac8252041ac1
[18-Nov-2017 23:40:02 Australia/Canberra] looping through keys
[18-Nov-2017 23:40:02 Australia/Canberra] coinRewardIn
[18-Nov-2017 23:40:02 Australia/Canberra] 100
[18-Nov-2017 23:40:02 Australia/Canberra] looping through keys
[18-Nov-2017 23:40:02 Australia/Canberra] utcTimeStamp
[18-Nov-2017 23:40:02 Australia/Canberra] 1511008802442
[18-Nov-2017 23:40:02 Australia/Canberra] transactionPlainText:
[18-Nov-2017 23:40:02 Australia/Canberra] 041c4bc717563647d7980e5f46b79c3b68eb11667559f8b70ab07b737e985d33f078dd404e1abe0ffc752e9ebb1df1b38853f2d8a79ec54aaea91827779897c5a504bbcb8aabd16b91b18583ee9ef600a962b00c3ac29b37a5ee44a850ac2c12fc0e40dfe0bfe5dd9476be9aed763e9e2ab88a0a446c332e1908c173ac8252041ac1freshly minted kitty goodness1001511008802442
[18-Nov-2017 23:40:02 Australia/Canberra] file object was not null, pushing
[18-Nov-2017 23:40:02 Australia/Canberra] 04bbcb8aabd16b91b18583ee9ef600a962b00c3ac29b37a5ee44a850ac2c12fc0e40dfe0bfe5dd9476be9aed763e9e2ab88a0a446c332e1908c173ac8252041ac1
[18-Nov-2017 23:41:53 Australia/Canberra] file object was null
[18-Nov-2017 23:41:53 Australia/Canberra] PHP Notice:  Undefined offset: 0 in C:\inetpub\wwwroot\catship_production\json\catShipTransaction.php on line 29
[18-Nov-2017 23:41:53 Australia/Canberra] 
[18-Nov-2017 23:42:00 Australia/Canberra] looping through keys
[18-Nov-2017 23:42:00 Australia/Canberra] minerAddressIn
[18-Nov-2017 23:42:00 Australia/Canberra] 04bbcb8aabd16b91b18583ee9ef600a962b00c3ac29b37a5ee44a850ac2c12fc0e40dfe0bfe5dd9476be9aed763e9e2ab88a0a446c332e1908c173ac8252041ac1
[18-Nov-2017 23:42:00 Australia/Canberra] looping through keys
[18-Nov-2017 23:42:00 Australia/Canberra] coinRewardIn
[18-Nov-2017 23:42:00 Australia/Canberra] 100
[18-Nov-2017 23:42:00 Australia/Canberra] looping through keys
[18-Nov-2017 23:42:00 Australia/Canberra] utcTimeStamp
[18-Nov-2017 23:42:00 Australia/Canberra] 1511008920867
[18-Nov-2017 23:42:00 Australia/Canberra] transactionPlainText:
[18-Nov-2017 23:42:00 Australia/Canberra] 041c4bc717563647d7980e5f46b79c3b68eb11667559f8b70ab07b737e985d33f078dd404e1abe0ffc752e9ebb1df1b38853f2d8a79ec54aaea91827779897c5a504bbcb8aabd16b91b18583ee9ef600a962b00c3ac29b37a5ee44a850ac2c12fc0e40dfe0bfe5dd9476be9aed763e9e2ab88a0a446c332e1908c173ac8252041ac1freshly minted kitty goodness1001511008920867
[18-Nov-2017 23:42:01 Australia/Canberra] file object was not null, pushing
[18-Nov-2017 23:42:01 Australia/Canberra] 04bbcb8aabd16b91b18583ee9ef600a962b00c3ac29b37a5ee44a850ac2c12fc0e40dfe0bfe5dd9476be9aed763e9e2ab88a0a446c332e1908c173ac8252041ac1
[18-Nov-2017 23:43:30 Australia/Canberra] file object was null
[18-Nov-2017 23:43:30 Australia/Canberra] PHP Notice:  Undefined offset: 0 in C:\inetpub\wwwroot\catship_production\json\catShipTransaction.php on line 29
[18-Nov-2017 23:43:30 Australia/Canberra] 
[18-Nov-2017 23:44:12 Australia/Canberra] looping through keys
[18-Nov-2017 23:44:12 Australia/Canberra] minerAddressIn
[18-Nov-2017 23:44:12 Australia/Canberra] 04bbcb8aabd16b91b18583ee9ef600a962b00c3ac29b37a5ee44a850ac2c12fc0e40dfe0bfe5dd9476be9aed763e9e2ab88a0a446c332e1908c173ac8252041ac1
[18-Nov-2017 23:44:12 Australia/Canberra] looping through keys
[18-Nov-2017 23:44:12 Australia/Canberra] coinRewardIn
[18-Nov-2017 23:44:12 Australia/Canberra] 100
[18-Nov-2017 23:44:12 Australia/Canberra] looping through keys
[18-Nov-2017 23:44:12 Australia/Canberra] utcTimeStamp
[18-Nov-2017 23:44:12 Australia/Canberra] 1511009052595
[18-Nov-2017 23:44:12 Australia/Canberra] transactionPlainText:
[18-Nov-2017 23:44:12 Australia/Canberra] 041c4bc717563647d7980e5f46b79c3b68eb11667559f8b70ab07b737e985d33f078dd404e1abe0ffc752e9ebb1df1b38853f2d8a79ec54aaea91827779897c5a504bbcb8aabd16b91b18583ee9ef600a962b00c3ac29b37a5ee44a850ac2c12fc0e40dfe0bfe5dd9476be9aed763e9e2ab88a0a446c332e1908c173ac8252041ac1freshly minted kitty goodness1001511009052595
[18-Nov-2017 23:44:12 Australia/Canberra] file object was not null, pushing
[18-Nov-2017 23:44:12 Australia/Canberra] 04bbcb8aabd16b91b18583ee9ef600a962b00c3ac29b37a5ee44a850ac2c12fc0e40dfe0bfe5dd9476be9aed763e9e2ab88a0a446c332e1908c173ac8252041ac1
[18-Nov-2017 23:46:44 Australia/Canberra] file object was null
[18-Nov-2017 23:46:44 Australia/Canberra] PHP Notice:  Undefined offset: 0 in C:\inetpub\wwwroot\catship_production\json\catShipTransaction.php on line 29
[18-Nov-2017 23:46:44 Australia/Canberra] 
[18-Nov-2017 23:46:52 Australia/Canberra] looping through keys
[18-Nov-2017 23:46:52 Australia/Canberra] minerAddressIn
[18-Nov-2017 23:46:52 Australia/Canberra] 04bbcb8aabd16b91b18583ee9ef600a962b00c3ac29b37a5ee44a850ac2c12fc0e40dfe0bfe5dd9476be9aed763e9e2ab88a0a446c332e1908c173ac8252041ac1
[18-Nov-2017 23:46:52 Australia/Canberra] looping through keys
[18-Nov-2017 23:46:52 Australia/Canberra] coinRewardIn
[18-Nov-2017 23:46:52 Australia/Canberra] 100
[18-Nov-2017 23:46:52 Australia/Canberra] looping through keys
[18-Nov-2017 23:46:52 Australia/Canberra] utcTimeStamp
[18-Nov-2017 23:46:52 Australia/Canberra] 1511009212142
[18-Nov-2017 23:46:52 Australia/Canberra] transactionPlainText:
[18-Nov-2017 23:46:52 Australia/Canberra] 041c4bc717563647d7980e5f46b79c3b68eb11667559f8b70ab07b737e985d33f078dd404e1abe0ffc752e9ebb1df1b38853f2d8a79ec54aaea91827779897c5a504bbcb8aabd16b91b18583ee9ef600a962b00c3ac29b37a5ee44a850ac2c12fc0e40dfe0bfe5dd9476be9aed763e9e2ab88a0a446c332e1908c173ac8252041ac1freshly minted kitty goodness1001511009212142
[18-Nov-2017 23:46:52 Australia/Canberra] file object was not null, pushing
[18-Nov-2017 23:46:52 Australia/Canberra] 04bbcb8aabd16b91b18583ee9ef600a962b00c3ac29b37a5ee44a850ac2c12fc0e40dfe0bfe5dd9476be9aed763e9e2ab88a0a446c332e1908c173ac8252041ac1
[18-Nov-2017 23:50:30 Australia/Canberra] file object was null
[18-Nov-2017 23:50:30 Australia/Canberra] PHP Notice:  Undefined offset: 0 in C:\inetpub\wwwroot\catship_production\json\catShipTransaction.php on line 29
[18-Nov-2017 23:50:30 Australia/Canberra] 
[18-Nov-2017 23:51:26 Australia/Canberra] looping through keys
[18-Nov-2017 23:51:26 Australia/Canberra] minerAddressIn
[18-Nov-2017 23:51:26 Australia/Canberra] 04bbcb8aabd16b91b18583ee9ef600a962b00c3ac29b37a5ee44a850ac2c12fc0e40dfe0bfe5dd9476be9aed763e9e2ab88a0a446c332e1908c173ac8252041ac1
[18-Nov-2017 23:51:26 Australia/Canberra] looping through keys
[18-Nov-2017 23:51:26 Australia/Canberra] coinRewardIn
[18-Nov-2017 23:51:26 Australia/Canberra] 100
[18-Nov-2017 23:51:26 Australia/Canberra] looping through keys
[18-Nov-2017 23:51:26 Australia/Canberra] utcTimeStamp
[18-Nov-2017 23:51:26 Australia/Canberra] 1511009486213
[18-Nov-2017 23:51:26 Australia/Canberra] transactionPlainText:
[18-Nov-2017 23:51:26 Australia/Canberra] 041c4bc717563647d7980e5f46b79c3b68eb11667559f8b70ab07b737e985d33f078dd404e1abe0ffc752e9ebb1df1b38853f2d8a79ec54aaea91827779897c5a504bbcb8aabd16b91b18583ee9ef600a962b00c3ac29b37a5ee44a850ac2c12fc0e40dfe0bfe5dd9476be9aed763e9e2ab88a0a446c332e1908c173ac8252041ac1freshly minted kitty goodness1001511009486213
[18-Nov-2017 23:51:26 Australia/Canberra] file object was not null, pushing
[18-Nov-2017 23:51:26 Australia/Canberra] 04bbcb8aabd16b91b18583ee9ef600a962b00c3ac29b37a5ee44a850ac2c12fc0e40dfe0bfe5dd9476be9aed763e9e2ab88a0a446c332e1908c173ac8252041ac1
[19-Nov-2017 00:00:46 Australia/Canberra] file object was null
[19-Nov-2017 00:00:46 Australia/Canberra] PHP Notice:  Undefined offset: 0 in C:\inetpub\wwwroot\catship_production\json\catShipTransaction.php on line 29
[19-Nov-2017 00:00:46 Australia/Canberra] 
[20-Nov-2017 16:57:34 Australia/Canberra] looping through keys
[20-Nov-2017 16:57:34 Australia/Canberra] minerAddressIn
[20-Nov-2017 16:57:34 Australia/Canberra] 04bbcb8aabd16b91b18583ee9ef600a962b00c3ac29b37a5ee44a850ac2c12fc0e40dfe0bfe5dd9476be9aed763e9e2ab88a0a446c332e1908c173ac8252041ac1
[20-Nov-2017 16:57:34 Australia/Canberra] looping through keys
[20-Nov-2017 16:57:34 Australia/Canberra] coinRewardIn
[20-Nov-2017 16:57:34 Australia/Canberra] 100
[20-Nov-2017 16:57:34 Australia/Canberra] looping through keys
[20-Nov-2017 16:57:34 Australia/Canberra] utcTimeStamp
[20-Nov-2017 16:57:34 Australia/Canberra] 1511157454019
[20-Nov-2017 16:57:34 Australia/Canberra] transactionPlainText:
[20-Nov-2017 16:57:34 Australia/Canberra] 041c4bc717563647d7980e5f46b79c3b68eb11667559f8b70ab07b737e985d33f078dd404e1abe0ffc752e9ebb1df1b38853f2d8a79ec54aaea91827779897c5a504bbcb8aabd16b91b18583ee9ef600a962b00c3ac29b37a5ee44a850ac2c12fc0e40dfe0bfe5dd9476be9aed763e9e2ab88a0a446c332e1908c173ac8252041ac1freshly minted kitty goodness1001511157454019
[20-Nov-2017 16:57:35 Australia/Canberra] file object was not null, pushing
[20-Nov-2017 16:57:35 Australia/Canberra] 04bbcb8aabd16b91b18583ee9ef600a962b00c3ac29b37a5ee44a850ac2c12fc0e40dfe0bfe5dd9476be9aed763e9e2ab88a0a446c332e1908c173ac8252041ac1
[20-Nov-2017 16:58:02 Australia/Canberra] looping through keys
[20-Nov-2017 16:58:02 Australia/Canberra] minerAddressIn
[20-Nov-2017 16:58:02 Australia/Canberra] 04bbcb8aabd16b91b18583ee9ef600a962b00c3ac29b37a5ee44a850ac2c12fc0e40dfe0bfe5dd9476be9aed763e9e2ab88a0a446c332e1908c173ac8252041ac1
[20-Nov-2017 16:58:02 Australia/Canberra] looping through keys
[20-Nov-2017 16:58:02 Australia/Canberra] coinRewardIn
[20-Nov-2017 16:58:02 Australia/Canberra] 100
[20-Nov-2017 16:58:02 Australia/Canberra] looping through keys
[20-Nov-2017 16:58:02 Australia/Canberra] utcTimeStamp
[20-Nov-2017 16:58:02 Australia/Canberra] 1511157482186
[20-Nov-2017 16:58:02 Australia/Canberra] transactionPlainText:
[20-Nov-2017 16:58:02 Australia/Canberra] 041c4bc717563647d7980e5f46b79c3b68eb11667559f8b70ab07b737e985d33f078dd404e1abe0ffc752e9ebb1df1b38853f2d8a79ec54aaea91827779897c5a504bbcb8aabd16b91b18583ee9ef600a962b00c3ac29b37a5ee44a850ac2c12fc0e40dfe0bfe5dd9476be9aed763e9e2ab88a0a446c332e1908c173ac8252041ac1freshly minted kitty goodness1001511157482186
[20-Nov-2017 16:58:02 Australia/Canberra] file object was null
[20-Nov-2017 16:58:02 Australia/Canberra] PHP Notice:  Undefined offset: 0 in C:\inetpub\wwwroot\catship_production\json\catShipTransaction.php on line 29
[20-Nov-2017 16:58:02 Australia/Canberra] 
[20-Nov-2017 17:00:02 Australia/Canberra] looping through keys
[20-Nov-2017 17:00:02 Australia/Canberra] minerAddressIn
[20-Nov-2017 17:00:02 Australia/Canberra] 04bbcb8aabd16b91b18583ee9ef600a962b00c3ac29b37a5ee44a850ac2c12fc0e40dfe0bfe5dd9476be9aed763e9e2ab88a0a446c332e1908c173ac8252041ac1
[20-Nov-2017 17:00:02 Australia/Canberra] looping through keys
[20-Nov-2017 17:00:02 Australia/Canberra] coinRewardIn
[20-Nov-2017 17:00:02 Australia/Canberra] 100
[20-Nov-2017 17:00:02 Australia/Canberra] looping through keys
[20-Nov-2017 17:00:02 Australia/Canberra] utcTimeStamp
[20-Nov-2017 17:00:02 Australia/Canberra] 1511157602729
[20-Nov-2017 17:00:02 Australia/Canberra] transactionPlainText:
[20-Nov-2017 17:00:02 Australia/Canberra] 041c4bc717563647d7980e5f46b79c3b68eb11667559f8b70ab07b737e985d33f078dd404e1abe0ffc752e9ebb1df1b38853f2d8a79ec54aaea91827779897c5a504bbcb8aabd16b91b18583ee9ef600a962b00c3ac29b37a5ee44a850ac2c12fc0e40dfe0bfe5dd9476be9aed763e9e2ab88a0a446c332e1908c173ac8252041ac1freshly minted kitty goodness1001511157602729
[20-Nov-2017 17:00:03 Australia/Canberra] file object was null
[20-Nov-2017 17:00:03 Australia/Canberra] PHP Notice:  Undefined offset: 0 in C:\inetpub\wwwroot\catship_production\json\catShipTransaction.php on line 29
[20-Nov-2017 17:00:03 Australia/Canberra] 
[20-Nov-2017 17:05:57 Australia/Canberra] looping through keys
[20-Nov-2017 17:05:57 Australia/Canberra] minerAddressIn
[20-Nov-2017 17:05:57 Australia/Canberra] 04bbcb8aabd16b91b18583ee9ef600a962b00c3ac29b37a5ee44a850ac2c12fc0e40dfe0bfe5dd9476be9aed763e9e2ab88a0a446c332e1908c173ac8252041ac1
[20-Nov-2017 17:05:57 Australia/Canberra] looping through keys
[20-Nov-2017 17:05:57 Australia/Canberra] coinRewardIn
[20-Nov-2017 17:05:57 Australia/Canberra] 100
[20-Nov-2017 17:05:57 Australia/Canberra] looping through keys
[20-Nov-2017 17:05:57 Australia/Canberra] utcTimeStamp
[20-Nov-2017 17:05:57 Australia/Canberra] 1511157957361
[20-Nov-2017 17:05:57 Australia/Canberra] transactionPlainText:
[20-Nov-2017 17:05:57 Australia/Canberra] 041c4bc717563647d7980e5f46b79c3b68eb11667559f8b70ab07b737e985d33f078dd404e1abe0ffc752e9ebb1df1b38853f2d8a79ec54aaea91827779897c5a504bbcb8aabd16b91b18583ee9ef600a962b00c3ac29b37a5ee44a850ac2c12fc0e40dfe0bfe5dd9476be9aed763e9e2ab88a0a446c332e1908c173ac8252041ac1freshly minted kitty goodness1001511157957361
[20-Nov-2017 17:05:57 Australia/Canberra] file object was null
[20-Nov-2017 17:05:57 Australia/Canberra] PHP Notice:  Undefined offset: 0 in C:\inetpub\wwwroot\catship_production\json\catShipTransaction.php on line 29
[20-Nov-2017 17:05:57 Australia/Canberra] 
[20-Nov-2017 17:08:25 Australia/Canberra] looping through keys
[20-Nov-2017 17:08:25 Australia/Canberra] minerAddressIn
[20-Nov-2017 17:08:25 Australia/Canberra] 04bbcb8aabd16b91b18583ee9ef600a962b00c3ac29b37a5ee44a850ac2c12fc0e40dfe0bfe5dd9476be9aed763e9e2ab88a0a446c332e1908c173ac8252041ac1
[20-Nov-2017 17:08:25 Australia/Canberra] looping through keys
[20-Nov-2017 17:08:25 Australia/Canberra] coinRewardIn
[20-Nov-2017 17:08:25 Australia/Canberra] 100
[20-Nov-2017 17:08:25 Australia/Canberra] looping through keys
[20-Nov-2017 17:08:25 Australia/Canberra] utcTimeStamp
[20-Nov-2017 17:08:25 Australia/Canberra] 1511158105280
[20-Nov-2017 17:08:25 Australia/Canberra] transactionPlainText:
[20-Nov-2017 17:08:25 Australia/Canberra] 041c4bc717563647d7980e5f46b79c3b68eb11667559f8b70ab07b737e985d33f078dd404e1abe0ffc752e9ebb1df1b38853f2d8a79ec54aaea91827779897c5a504bbcb8aabd16b91b18583ee9ef600a962b00c3ac29b37a5ee44a850ac2c12fc0e40dfe0bfe5dd9476be9aed763e9e2ab88a0a446c332e1908c173ac8252041ac1freshly minted kitty goodness1001511158105280
[20-Nov-2017 17:08:25 Australia/Canberra] file object was null
[20-Nov-2017 17:08:25 Australia/Canberra] PHP Notice:  Undefined offset: 0 in C:\inetpub\wwwroot\catship_production\json\catShipTransaction.php on line 29
[20-Nov-2017 17:08:25 Australia/Canberra] 
[20-Nov-2017 17:09:46 Australia/Canberra] looping through keys
[20-Nov-2017 17:09:46 Australia/Canberra] minerAddressIn
[20-Nov-2017 17:09:46 Australia/Canberra] 04bbcb8aabd16b91b18583ee9ef600a962b00c3ac29b37a5ee44a850ac2c12fc0e40dfe0bfe5dd9476be9aed763e9e2ab88a0a446c332e1908c173ac8252041ac1
[20-Nov-2017 17:09:46 Australia/Canberra] looping through keys
[20-Nov-2017 17:09:46 Australia/Canberra] coinRewardIn
[20-Nov-2017 17:09:46 Australia/Canberra] 100
[20-Nov-2017 17:09:46 Australia/Canberra] looping through keys
[20-Nov-2017 17:09:46 Australia/Canberra] utcTimeStamp
[20-Nov-2017 17:09:46 Australia/Canberra] 1511158186920
[20-Nov-2017 17:09:46 Australia/Canberra] transactionPlainText:
[20-Nov-2017 17:09:46 Australia/Canberra] 041c4bc717563647d7980e5f46b79c3b68eb11667559f8b70ab07b737e985d33f078dd404e1abe0ffc752e9ebb1df1b38853f2d8a79ec54aaea91827779897c5a504bbcb8aabd16b91b18583ee9ef600a962b00c3ac29b37a5ee44a850ac2c12fc0e40dfe0bfe5dd9476be9aed763e9e2ab88a0a446c332e1908c173ac8252041ac1freshly minted kitty goodness1001511158186920
[20-Nov-2017 17:09:47 Australia/Canberra] file object was null
[20-Nov-2017 17:09:47 Australia/Canberra] PHP Notice:  Undefined offset: 0 in C:\inetpub\wwwroot\catship_production\json\catShipTransaction.php on line 29
[20-Nov-2017 17:09:47 Australia/Canberra] 
[20-Nov-2017 17:09:53 Australia/Canberra] looping through keys
[20-Nov-2017 17:09:53 Australia/Canberra] minerAddressIn
[20-Nov-2017 17:09:53 Australia/Canberra] 04bbcb8aabd16b91b18583ee9ef600a962b00c3ac29b37a5ee44a850ac2c12fc0e40dfe0bfe5dd9476be9aed763e9e2ab88a0a446c332e1908c173ac8252041ac1
[20-Nov-2017 17:09:53 Australia/Canberra] looping through keys
[20-Nov-2017 17:09:53 Australia/Canberra] coinRewardIn
[20-Nov-2017 17:09:53 Australia/Canberra] 100
[20-Nov-2017 17:09:53 Australia/Canberra] looping through keys
[20-Nov-2017 17:09:53 Australia/Canberra] utcTimeStamp
[20-Nov-2017 17:09:53 Australia/Canberra] 1511158193175
[20-Nov-2017 17:09:53 Australia/Canberra] transactionPlainText:
[20-Nov-2017 17:09:53 Australia/Canberra] 041c4bc717563647d7980e5f46b79c3b68eb11667559f8b70ab07b737e985d33f078dd404e1abe0ffc752e9ebb1df1b38853f2d8a79ec54aaea91827779897c5a504bbcb8aabd16b91b18583ee9ef600a962b00c3ac29b37a5ee44a850ac2c12fc0e40dfe0bfe5dd9476be9aed763e9e2ab88a0a446c332e1908c173ac8252041ac1freshly minted kitty goodness1001511158193175
[20-Nov-2017 17:09:53 Australia/Canberra] file object was null
[20-Nov-2017 17:09:53 Australia/Canberra] PHP Notice:  Undefined offset: 0 in C:\inetpub\wwwroot\catship_production\json\catShipTransaction.php on line 29
[20-Nov-2017 17:09:53 Australia/Canberra] 
[20-Nov-2017 17:10:03 Australia/Canberra] looping through keys
[20-Nov-2017 17:10:03 Australia/Canberra] minerAddressIn
[20-Nov-2017 17:10:03 Australia/Canberra] 04bbcb8aabd16b91b18583ee9ef600a962b00c3ac29b37a5ee44a850ac2c12fc0e40dfe0bfe5dd9476be9aed763e9e2ab88a0a446c332e1908c173ac8252041ac1
[20-Nov-2017 17:10:03 Australia/Canberra] looping through keys
[20-Nov-2017 17:10:03 Australia/Canberra] coinRewardIn
[20-Nov-2017 17:10:03 Australia/Canberra] 100
[20-Nov-2017 17:10:03 Australia/Canberra] looping through keys
[20-Nov-2017 17:10:03 Australia/Canberra] utcTimeStamp
[20-Nov-2017 17:10:03 Australia/Canberra] 1511158203768
[20-Nov-2017 17:10:03 Australia/Canberra] transactionPlainText:
[20-Nov-2017 17:10:03 Australia/Canberra] 041c4bc717563647d7980e5f46b79c3b68eb11667559f8b70ab07b737e985d33f078dd404e1abe0ffc752e9ebb1df1b38853f2d8a79ec54aaea91827779897c5a504bbcb8aabd16b91b18583ee9ef600a962b00c3ac29b37a5ee44a850ac2c12fc0e40dfe0bfe5dd9476be9aed763e9e2ab88a0a446c332e1908c173ac8252041ac1freshly minted kitty goodness1001511158203768
[20-Nov-2017 17:10:04 Australia/Canberra] file object was null
[20-Nov-2017 17:10:04 Australia/Canberra] PHP Notice:  Undefined offset: 0 in C:\inetpub\wwwroot\catship_production\json\catShipTransaction.php on line 29
[20-Nov-2017 17:10:04 Australia/Canberra] 
[20-Nov-2017 17:10:34 Australia/Canberra] looping through keys
[20-Nov-2017 17:10:34 Australia/Canberra] minerAddressIn
[20-Nov-2017 17:10:34 Australia/Canberra] 04bbcb8aabd16b91b18583ee9ef600a962b00c3ac29b37a5ee44a850ac2c12fc0e40dfe0bfe5dd9476be9aed763e9e2ab88a0a446c332e1908c173ac8252041ac1
[20-Nov-2017 17:10:34 Australia/Canberra] looping through keys
[20-Nov-2017 17:10:34 Australia/Canberra] coinRewardIn
[20-Nov-2017 17:10:34 Australia/Canberra] 100
[20-Nov-2017 17:10:34 Australia/Canberra] looping through keys
[20-Nov-2017 17:10:34 Australia/Canberra] utcTimeStamp
[20-Nov-2017 17:10:34 Australia/Canberra] 1511158234719
[20-Nov-2017 17:10:34 Australia/Canberra] transactionPlainText:
[20-Nov-2017 17:10:34 Australia/Canberra] 041c4bc717563647d7980e5f46b79c3b68eb11667559f8b70ab07b737e985d33f078dd404e1abe0ffc752e9ebb1df1b38853f2d8a79ec54aaea91827779897c5a504bbcb8aabd16b91b18583ee9ef600a962b00c3ac29b37a5ee44a850ac2c12fc0e40dfe0bfe5dd9476be9aed763e9e2ab88a0a446c332e1908c173ac8252041ac1freshly minted kitty goodness1001511158234719
[20-Nov-2017 17:10:35 Australia/Canberra] file object was null
[20-Nov-2017 17:10:35 Australia/Canberra] PHP Notice:  Undefined offset: 0 in C:\inetpub\wwwroot\catship_production\json\catShipTransaction.php on line 29
[20-Nov-2017 17:10:35 Australia/Canberra] 
[20-Nov-2017 17:11:19 Australia/Canberra] looping through keys
[20-Nov-2017 17:11:19 Australia/Canberra] minerAddressIn
[20-Nov-2017 17:11:19 Australia/Canberra] 04bbcb8aabd16b91b18583ee9ef600a962b00c3ac29b37a5ee44a850ac2c12fc0e40dfe0bfe5dd9476be9aed763e9e2ab88a0a446c332e1908c173ac8252041ac1
[20-Nov-2017 17:11:19 Australia/Canberra] looping through keys
[20-Nov-2017 17:11:19 Australia/Canberra] coinRewardIn
[20-Nov-2017 17:11:19 Australia/Canberra] 100
[20-Nov-2017 17:11:19 Australia/Canberra] looping through keys
[20-Nov-2017 17:11:19 Australia/Canberra] utcTimeStamp
[20-Nov-2017 17:11:19 Australia/Canberra] 1511158279151
[20-Nov-2017 17:11:19 Australia/Canberra] transactionPlainText:
[20-Nov-2017 17:11:19 Australia/Canberra] 041c4bc717563647d7980e5f46b79c3b68eb11667559f8b70ab07b737e985d33f078dd404e1abe0ffc752e9ebb1df1b38853f2d8a79ec54aaea91827779897c5a504bbcb8aabd16b91b18583ee9ef600a962b00c3ac29b37a5ee44a850ac2c12fc0e40dfe0bfe5dd9476be9aed763e9e2ab88a0a446c332e1908c173ac8252041ac1freshly minted kitty goodness1001511158279151
[20-Nov-2017 17:11:19 Australia/Canberra] file object was null
[20-Nov-2017 17:11:19 Australia/Canberra] PHP Notice:  Undefined offset: 0 in C:\inetpub\wwwroot\catship_production\json\catShipTransaction.php on line 29
[20-Nov-2017 17:11:19 Australia/Canberra] 
[20-Nov-2017 17:33:43 Australia/Canberra] looping through keys
[20-Nov-2017 17:33:43 Australia/Canberra] minerAddressIn
[20-Nov-2017 17:33:43 Australia/Canberra] 04bbcb8aabd16b91b18583ee9ef600a962b00c3ac29b37a5ee44a850ac2c12fc0e40dfe0bfe5dd9476be9aed763e9e2ab88a0a446c332e1908c173ac8252041ac1
[20-Nov-2017 17:33:43 Australia/Canberra] looping through keys
[20-Nov-2017 17:33:43 Australia/Canberra] coinRewardIn
[20-Nov-2017 17:33:43 Australia/Canberra] 100
[20-Nov-2017 17:33:43 Australia/Canberra] looping through keys
[20-Nov-2017 17:33:43 Australia/Canberra] utcTimeStamp
[20-Nov-2017 17:33:43 Australia/Canberra] 1511159623048
[20-Nov-2017 17:33:43 Australia/Canberra] transactionPlainText:
[20-Nov-2017 17:33:43 Australia/Canberra] 041c4bc717563647d7980e5f46b79c3b68eb11667559f8b70ab07b737e985d33f078dd404e1abe0ffc752e9ebb1df1b38853f2d8a79ec54aaea91827779897c5a504bbcb8aabd16b91b18583ee9ef600a962b00c3ac29b37a5ee44a850ac2c12fc0e40dfe0bfe5dd9476be9aed763e9e2ab88a0a446c332e1908c173ac8252041ac1freshly minted kitty goodness1001511159623048
[20-Nov-2017 17:33:43 Australia/Canberra] file object was null
[20-Nov-2017 17:33:43 Australia/Canberra] PHP Notice:  Undefined offset: 0 in C:\inetpub\wwwroot\catship_production\json\catShipTransaction.php on line 29
[20-Nov-2017 17:33:43 Australia/Canberra] 
[20-Nov-2017 17:33:54 Australia/Canberra] looping through keys
[20-Nov-2017 17:33:54 Australia/Canberra] minerAddressIn
[20-Nov-2017 17:33:54 Australia/Canberra] 04bbcb8aabd16b91b18583ee9ef600a962b00c3ac29b37a5ee44a850ac2c12fc0e40dfe0bfe5dd9476be9aed763e9e2ab88a0a446c332e1908c173ac8252041ac1
[20-Nov-2017 17:33:54 Australia/Canberra] looping through keys
[20-Nov-2017 17:33:54 Australia/Canberra] coinRewardIn
[20-Nov-2017 17:33:54 Australia/Canberra] 100
[20-Nov-2017 17:33:54 Australia/Canberra] looping through keys
[20-Nov-2017 17:33:54 Australia/Canberra] utcTimeStamp
[20-Nov-2017 17:33:54 Australia/Canberra] 1511159634336
[20-Nov-2017 17:33:54 Australia/Canberra] transactionPlainText:
[20-Nov-2017 17:33:54 Australia/Canberra] 041c4bc717563647d7980e5f46b79c3b68eb11667559f8b70ab07b737e985d33f078dd404e1abe0ffc752e9ebb1df1b38853f2d8a79ec54aaea91827779897c5a504bbcb8aabd16b91b18583ee9ef600a962b00c3ac29b37a5ee44a850ac2c12fc0e40dfe0bfe5dd9476be9aed763e9e2ab88a0a446c332e1908c173ac8252041ac1freshly minted kitty goodness1001511159634336
[20-Nov-2017 17:34:37 Australia/Canberra] looping through keys
[20-Nov-2017 17:34:37 Australia/Canberra] minerAddressIn
[20-Nov-2017 17:34:37 Australia/Canberra] 04bbcb8aabd16b91b18583ee9ef600a962b00c3ac29b37a5ee44a850ac2c12fc0e40dfe0bfe5dd9476be9aed763e9e2ab88a0a446c332e1908c173ac8252041ac1
[20-Nov-2017 17:34:37 Australia/Canberra] looping through keys
[20-Nov-2017 17:34:37 Australia/Canberra] coinRewardIn
[20-Nov-2017 17:34:37 Australia/Canberra] 100
[20-Nov-2017 17:34:37 Australia/Canberra] looping through keys
[20-Nov-2017 17:34:37 Australia/Canberra] utcTimeStamp
[20-Nov-2017 17:34:37 Australia/Canberra] 1511159677519
[20-Nov-2017 17:34:37 Australia/Canberra] transactionPlainText:
[20-Nov-2017 17:34:37 Australia/Canberra] 041c4bc717563647d7980e5f46b79c3b68eb11667559f8b70ab07b737e985d33f078dd404e1abe0ffc752e9ebb1df1b38853f2d8a79ec54aaea91827779897c5a504bbcb8aabd16b91b18583ee9ef600a962b00c3ac29b37a5ee44a850ac2c12fc0e40dfe0bfe5dd9476be9aed763e9e2ab88a0a446c332e1908c173ac8252041ac1freshly minted kitty goodness1001511159677519
[20-Nov-2017 17:34:37 Australia/Canberra] file object was null
[20-Nov-2017 17:34:37 Australia/Canberra] PHP Notice:  Undefined offset: 0 in C:\inetpub\wwwroot\catship_production\json\catShipTransaction.php on line 29
[20-Nov-2017 17:34:37 Australia/Canberra] 
[20-Nov-2017 17:36:01 Australia/Canberra] looping through keys
[20-Nov-2017 17:36:01 Australia/Canberra] minerAddressIn
[20-Nov-2017 17:36:01 Australia/Canberra] 04bbcb8aabd16b91b18583ee9ef600a962b00c3ac29b37a5ee44a850ac2c12fc0e40dfe0bfe5dd9476be9aed763e9e2ab88a0a446c332e1908c173ac8252041ac1
[20-Nov-2017 17:36:01 Australia/Canberra] looping through keys
[20-Nov-2017 17:36:01 Australia/Canberra] coinRewardIn
[20-Nov-2017 17:36:01 Australia/Canberra] 100
[20-Nov-2017 17:36:01 Australia/Canberra] looping through keys
[20-Nov-2017 17:36:01 Australia/Canberra] utcTimeStamp
[20-Nov-2017 17:36:01 Australia/Canberra] 1511159761759
[20-Nov-2017 17:36:01 Australia/Canberra] transactionPlainText:
[20-Nov-2017 17:36:01 Australia/Canberra] 041c4bc717563647d7980e5f46b79c3b68eb11667559f8b70ab07b737e985d33f078dd404e1abe0ffc752e9ebb1df1b38853f2d8a79ec54aaea91827779897c5a504bbcb8aabd16b91b18583ee9ef600a962b00c3ac29b37a5ee44a850ac2c12fc0e40dfe0bfe5dd9476be9aed763e9e2ab88a0a446c332e1908c173ac8252041ac1freshly minted kitty goodness1001511159761759
[20-Nov-2017 17:36:02 Australia/Canberra] file object was null
[20-Nov-2017 17:36:02 Australia/Canberra] PHP Notice:  Undefined offset: 0 in C:\inetpub\wwwroot\catship_production\json\catShipTransaction.php on line 29
[20-Nov-2017 17:36:02 Australia/Canberra] 
[20-Nov-2017 17:37:28 Australia/Canberra] looping through keys
[20-Nov-2017 17:37:28 Australia/Canberra] minerAddressIn
[20-Nov-2017 17:37:28 Australia/Canberra] 04bbcb8aabd16b91b18583ee9ef600a962b00c3ac29b37a5ee44a850ac2c12fc0e40dfe0bfe5dd9476be9aed763e9e2ab88a0a446c332e1908c173ac8252041ac1
[20-Nov-2017 17:37:28 Australia/Canberra] looping through keys
[20-Nov-2017 17:37:28 Australia/Canberra] coinRewardIn
[20-Nov-2017 17:37:28 Australia/Canberra] 100
[20-Nov-2017 17:37:28 Australia/Canberra] looping through keys
[20-Nov-2017 17:37:28 Australia/Canberra] utcTimeStamp
[20-Nov-2017 17:37:28 Australia/Canberra] 1511159848047
[20-Nov-2017 17:37:28 Australia/Canberra] transactionPlainText:
[20-Nov-2017 17:37:28 Australia/Canberra] 041c4bc717563647d7980e5f46b79c3b68eb11667559f8b70ab07b737e985d33f078dd404e1abe0ffc752e9ebb1df1b38853f2d8a79ec54aaea91827779897c5a504bbcb8aabd16b91b18583ee9ef600a962b00c3ac29b37a5ee44a850ac2c12fc0e40dfe0bfe5dd9476be9aed763e9e2ab88a0a446c332e1908c173ac8252041ac1freshly minted kitty goodness1001511159848047
[20-Nov-2017 17:37:28 Australia/Canberra] file object was null
[20-Nov-2017 17:37:28 Australia/Canberra] PHP Notice:  Undefined offset: 0 in C:\inetpub\wwwroot\catship_production\json\catShipTransaction.php on line 29
[20-Nov-2017 17:37:28 Australia/Canberra] 
[20-Nov-2017 17:38:22 Australia/Canberra] looping through keys
[20-Nov-2017 17:38:22 Australia/Canberra] minerAddressIn
[20-Nov-2017 17:38:22 Australia/Canberra] 04bbcb8aabd16b91b18583ee9ef600a962b00c3ac29b37a5ee44a850ac2c12fc0e40dfe0bfe5dd9476be9aed763e9e2ab88a0a446c332e1908c173ac8252041ac1
[20-Nov-2017 17:38:22 Australia/Canberra] looping through keys
[20-Nov-2017 17:38:22 Australia/Canberra] coinRewardIn
[20-Nov-2017 17:38:22 Australia/Canberra] 100
[20-Nov-2017 17:38:22 Australia/Canberra] looping through keys
[20-Nov-2017 17:38:22 Australia/Canberra] utcTimeStamp
[20-Nov-2017 17:38:22 Australia/Canberra] 1511159902240
[20-Nov-2017 17:38:22 Australia/Canberra] transactionPlainText:
[20-Nov-2017 17:38:22 Australia/Canberra] 041c4bc717563647d7980e5f46b79c3b68eb11667559f8b70ab07b737e985d33f078dd404e1abe0ffc752e9ebb1df1b38853f2d8a79ec54aaea91827779897c5a504bbcb8aabd16b91b18583ee9ef600a962b00c3ac29b37a5ee44a850ac2c12fc0e40dfe0bfe5dd9476be9aed763e9e2ab88a0a446c332e1908c173ac8252041ac1freshly minted kitty goodness1001511159902240
[20-Nov-2017 17:38:22 Australia/Canberra] file object was null
[20-Nov-2017 17:38:22 Australia/Canberra] PHP Notice:  Undefined offset: 0 in C:\inetpub\wwwroot\catship_production\json\catShipTransaction.php on line 29
[20-Nov-2017 17:38:22 Australia/Canberra] 
[20-Nov-2017 17:40:50 Australia/Canberra] looping through keys
[20-Nov-2017 17:40:50 Australia/Canberra] minerAddressIn
[20-Nov-2017 17:40:50 Australia/Canberra] 04bbcb8aabd16b91b18583ee9ef600a962b00c3ac29b37a5ee44a850ac2c12fc0e40dfe0bfe5dd9476be9aed763e9e2ab88a0a446c332e1908c173ac8252041ac1
[20-Nov-2017 17:40:50 Australia/Canberra] looping through keys
[20-Nov-2017 17:40:50 Australia/Canberra] coinRewardIn
[20-Nov-2017 17:40:50 Australia/Canberra] 100
[20-Nov-2017 17:40:50 Australia/Canberra] looping through keys
[20-Nov-2017 17:40:50 Australia/Canberra] utcTimeStamp
[20-Nov-2017 17:40:50 Australia/Canberra] 1511160050574
[20-Nov-2017 17:40:50 Australia/Canberra] transactionPlainText:
[20-Nov-2017 17:40:50 Australia/Canberra] 041c4bc717563647d7980e5f46b79c3b68eb11667559f8b70ab07b737e985d33f078dd404e1abe0ffc752e9ebb1df1b38853f2d8a79ec54aaea91827779897c5a504bbcb8aabd16b91b18583ee9ef600a962b00c3ac29b37a5ee44a850ac2c12fc0e40dfe0bfe5dd9476be9aed763e9e2ab88a0a446c332e1908c173ac8252041ac1freshly minted kitty goodness1001511160050574
[20-Nov-2017 17:40:50 Australia/Canberra] file object was null
[20-Nov-2017 17:40:50 Australia/Canberra] PHP Notice:  Undefined offset: 0 in C:\inetpub\wwwroot\catship_production\json\catShipTransaction.php on line 29
[20-Nov-2017 17:40:50 Australia/Canberra] 
[20-Nov-2017 17:43:15 Australia/Canberra] looping through keys
[20-Nov-2017 17:43:15 Australia/Canberra] minerAddressIn
[20-Nov-2017 17:43:15 Australia/Canberra] 04bbcb8aabd16b91b18583ee9ef600a962b00c3ac29b37a5ee44a850ac2c12fc0e40dfe0bfe5dd9476be9aed763e9e2ab88a0a446c332e1908c173ac8252041ac1
[20-Nov-2017 17:43:15 Australia/Canberra] looping through keys
[20-Nov-2017 17:43:15 Australia/Canberra] coinRewardIn
[20-Nov-2017 17:43:15 Australia/Canberra] 100
[20-Nov-2017 17:43:15 Australia/Canberra] looping through keys
[20-Nov-2017 17:43:15 Australia/Canberra] utcTimeStamp
[20-Nov-2017 17:43:15 Australia/Canberra] 1511160195630
[20-Nov-2017 17:43:15 Australia/Canberra] transactionPlainText:
[20-Nov-2017 17:43:15 Australia/Canberra] 041c4bc717563647d7980e5f46b79c3b68eb11667559f8b70ab07b737e985d33f078dd404e1abe0ffc752e9ebb1df1b38853f2d8a79ec54aaea91827779897c5a504bbcb8aabd16b91b18583ee9ef600a962b00c3ac29b37a5ee44a850ac2c12fc0e40dfe0bfe5dd9476be9aed763e9e2ab88a0a446c332e1908c173ac8252041ac1freshly minted kitty goodness1001511160195630
[20-Nov-2017 17:43:16 Australia/Canberra] file object was null
[20-Nov-2017 17:43:16 Australia/Canberra] PHP Notice:  Undefined offset: 0 in C:\inetpub\wwwroot\catship_production\json\catShipTransaction.php on line 29
[20-Nov-2017 17:43:16 Australia/Canberra] 
[20-Nov-2017 17:43:19 Australia/Canberra] looping through keys
[20-Nov-2017 17:43:19 Australia/Canberra] minerAddressIn
[20-Nov-2017 17:43:19 Australia/Canberra] 04bbcb8aabd16b91b18583ee9ef600a962b00c3ac29b37a5ee44a850ac2c12fc0e40dfe0bfe5dd9476be9aed763e9e2ab88a0a446c332e1908c173ac8252041ac1
[20-Nov-2017 17:43:19 Australia/Canberra] looping through keys
[20-Nov-2017 17:43:19 Australia/Canberra] coinRewardIn
[20-Nov-2017 17:43:19 Australia/Canberra] 100
[20-Nov-2017 17:43:19 Australia/Canberra] looping through keys
[20-Nov-2017 17:43:19 Australia/Canberra] utcTimeStamp
[20-Nov-2017 17:43:19 Australia/Canberra] 1511160199581
[20-Nov-2017 17:43:19 Australia/Canberra] transactionPlainText:
[20-Nov-2017 17:43:19 Australia/Canberra] 041c4bc717563647d7980e5f46b79c3b68eb11667559f8b70ab07b737e985d33f078dd404e1abe0ffc752e9ebb1df1b38853f2d8a79ec54aaea91827779897c5a504bbcb8aabd16b91b18583ee9ef600a962b00c3ac29b37a5ee44a850ac2c12fc0e40dfe0bfe5dd9476be9aed763e9e2ab88a0a446c332e1908c173ac8252041ac1freshly minted kitty goodness1001511160199581
[20-Nov-2017 17:43:19 Australia/Canberra] file object was null
[20-Nov-2017 17:43:19 Australia/Canberra] PHP Notice:  Undefined offset: 0 in C:\inetpub\wwwroot\catship_production\json\catShipTransaction.php on line 29
[20-Nov-2017 17:43:19 Australia/Canberra] 
[20-Nov-2017 17:43:20 Australia/Canberra] looping through keys
[20-Nov-2017 17:43:20 Australia/Canberra] minerAddressIn
[20-Nov-2017 17:43:20 Australia/Canberra] 04bbcb8aabd16b91b18583ee9ef600a962b00c3ac29b37a5ee44a850ac2c12fc0e40dfe0bfe5dd9476be9aed763e9e2ab88a0a446c332e1908c173ac8252041ac1
[20-Nov-2017 17:43:20 Australia/Canberra] looping through keys
[20-Nov-2017 17:43:20 Australia/Canberra] coinRewardIn
[20-Nov-2017 17:43:20 Australia/Canberra] 100
[20-Nov-2017 17:43:20 Australia/Canberra] looping through keys
[20-Nov-2017 17:43:20 Australia/Canberra] utcTimeStamp
[20-Nov-2017 17:43:20 Australia/Canberra] 1511160200004
[20-Nov-2017 17:43:20 Australia/Canberra] transactionPlainText:
[20-Nov-2017 17:43:20 Australia/Canberra] 041c4bc717563647d7980e5f46b79c3b68eb11667559f8b70ab07b737e985d33f078dd404e1abe0ffc752e9ebb1df1b38853f2d8a79ec54aaea91827779897c5a504bbcb8aabd16b91b18583ee9ef600a962b00c3ac29b37a5ee44a850ac2c12fc0e40dfe0bfe5dd9476be9aed763e9e2ab88a0a446c332e1908c173ac8252041ac1freshly minted kitty goodness1001511160200004
[20-Nov-2017 17:43:20 Australia/Canberra] file object was null
[20-Nov-2017 17:43:20 Australia/Canberra] PHP Notice:  Undefined offset: 0 in C:\inetpub\wwwroot\catship_production\json\catShipTransaction.php on line 29
[20-Nov-2017 17:43:20 Australia/Canberra] 
[20-Nov-2017 17:52:17 Australia/Canberra] looping through keys
[20-Nov-2017 17:52:17 Australia/Canberra] minerAddressIn
[20-Nov-2017 17:52:17 Australia/Canberra] 04bbcb8aabd16b91b18583ee9ef600a962b00c3ac29b37a5ee44a850ac2c12fc0e40dfe0bfe5dd9476be9aed763e9e2ab88a0a446c332e1908c173ac8252041ac1
[20-Nov-2017 17:52:17 Australia/Canberra] looping through keys
[20-Nov-2017 17:52:17 Australia/Canberra] coinRewardIn
[20-Nov-2017 17:52:17 Australia/Canberra] 100
[20-Nov-2017 17:52:17 Australia/Canberra] looping through keys
[20-Nov-2017 17:52:17 Australia/Canberra] utcTimeStamp
[20-Nov-2017 17:52:17 Australia/Canberra] 1511160737612
[20-Nov-2017 17:52:17 Australia/Canberra] transactionPlainText:
[20-Nov-2017 17:52:17 Australia/Canberra] 041c4bc717563647d7980e5f46b79c3b68eb11667559f8b70ab07b737e985d33f078dd404e1abe0ffc752e9ebb1df1b38853f2d8a79ec54aaea91827779897c5a504bbcb8aabd16b91b18583ee9ef600a962b00c3ac29b37a5ee44a850ac2c12fc0e40dfe0bfe5dd9476be9aed763e9e2ab88a0a446c332e1908c173ac8252041ac1freshly minted kitty goodness1001511160737612
[20-Nov-2017 17:52:17 Australia/Canberra] file object was null
[20-Nov-2017 17:52:17 Australia/Canberra] PHP Notice:  Undefined offset: 0 in C:\inetpub\wwwroot\catship_production\json\catShipTransaction.php on line 29
[20-Nov-2017 17:52:17 Australia/Canberra] 
[20-Nov-2017 18:42:59 Australia/Canberra] looping through keys
[20-Nov-2017 18:42:59 Australia/Canberra] minerAddressIn
[20-Nov-2017 18:42:59 Australia/Canberra] 04bbcb8aabd16b91b18583ee9ef600a962b00c3ac29b37a5ee44a850ac2c12fc0e40dfe0bfe5dd9476be9aed763e9e2ab88a0a446c332e1908c173ac8252041ac1
[20-Nov-2017 18:42:59 Australia/Canberra] looping through keys
[20-Nov-2017 18:42:59 Australia/Canberra] coinRewardIn
[20-Nov-2017 18:42:59 Australia/Canberra] 100
[20-Nov-2017 18:42:59 Australia/Canberra] looping through keys
[20-Nov-2017 18:42:59 Australia/Canberra] utcTimeStamp
[20-Nov-2017 18:42:59 Australia/Canberra] 1511163779340
[20-Nov-2017 18:42:59 Australia/Canberra] transactionPlainText:
[20-Nov-2017 18:42:59 Australia/Canberra] 041c4bc717563647d7980e5f46b79c3b68eb11667559f8b70ab07b737e985d33f078dd404e1abe0ffc752e9ebb1df1b38853f2d8a79ec54aaea91827779897c5a504bbcb8aabd16b91b18583ee9ef600a962b00c3ac29b37a5ee44a850ac2c12fc0e40dfe0bfe5dd9476be9aed763e9e2ab88a0a446c332e1908c173ac8252041ac1freshly minted kitty goodness1001511163779340
[20-Nov-2017 18:42:59 Australia/Canberra] file object was null
[20-Nov-2017 18:42:59 Australia/Canberra] PHP Notice:  Undefined offset: 0 in C:\inetpub\wwwroot\catship_production\json\catShipTransaction.php on line 29
[20-Nov-2017 18:42:59 Australia/Canberra] 
[20-Nov-2017 18:45:05 Australia/Canberra] looping through keys
[20-Nov-2017 18:45:05 Australia/Canberra] minerAddressIn
[20-Nov-2017 18:45:05 Australia/Canberra] 04bbcb8aabd16b91b18583ee9ef600a962b00c3ac29b37a5ee44a850ac2c12fc0e40dfe0bfe5dd9476be9aed763e9e2ab88a0a446c332e1908c173ac8252041ac1
[20-Nov-2017 18:45:05 Australia/Canberra] looping through keys
[20-Nov-2017 18:45:05 Australia/Canberra] coinRewardIn
[20-Nov-2017 18:45:05 Australia/Canberra] 100
[20-Nov-2017 18:45:05 Australia/Canberra] looping through keys
[20-Nov-2017 18:45:05 Australia/Canberra] utcTimeStamp
[20-Nov-2017 18:45:05 Australia/Canberra] 1511163905411
[20-Nov-2017 18:45:05 Australia/Canberra] transactionPlainText:
[20-Nov-2017 18:45:05 Australia/Canberra] 041c4bc717563647d7980e5f46b79c3b68eb11667559f8b70ab07b737e985d33f078dd404e1abe0ffc752e9ebb1df1b38853f2d8a79ec54aaea91827779897c5a504bbcb8aabd16b91b18583ee9ef600a962b00c3ac29b37a5ee44a850ac2c12fc0e40dfe0bfe5dd9476be9aed763e9e2ab88a0a446c332e1908c173ac8252041ac1freshly minted kitty goodness1001511163905411
[20-Nov-2017 18:45:05 Australia/Canberra] file object was null
[20-Nov-2017 18:45:05 Australia/Canberra] PHP Notice:  Undefined offset: 0 in C:\inetpub\wwwroot\catship_production\json\catShipTransaction.php on line 29
[20-Nov-2017 18:45:05 Australia/Canberra] 
[20-Nov-2017 18:45:25 Australia/Canberra] looping through keys
[20-Nov-2017 18:45:25 Australia/Canberra] minerAddressIn
[20-Nov-2017 18:45:25 Australia/Canberra] 04bbcb8aabd16b91b18583ee9ef600a962b00c3ac29b37a5ee44a850ac2c12fc0e40dfe0bfe5dd9476be9aed763e9e2ab88a0a446c332e1908c173ac8252041ac1
[20-Nov-2017 18:45:25 Australia/Canberra] looping through keys
[20-Nov-2017 18:45:25 Australia/Canberra] coinRewardIn
[20-Nov-2017 18:45:25 Australia/Canberra] 100
[20-Nov-2017 18:45:25 Australia/Canberra] looping through keys
[20-Nov-2017 18:45:25 Australia/Canberra] utcTimeStamp
[20-Nov-2017 18:45:25 Australia/Canberra] 1511163925811
[20-Nov-2017 18:45:25 Australia/Canberra] transactionPlainText:
[20-Nov-2017 18:45:25 Australia/Canberra] 041c4bc717563647d7980e5f46b79c3b68eb11667559f8b70ab07b737e985d33f078dd404e1abe0ffc752e9ebb1df1b38853f2d8a79ec54aaea91827779897c5a504bbcb8aabd16b91b18583ee9ef600a962b00c3ac29b37a5ee44a850ac2c12fc0e40dfe0bfe5dd9476be9aed763e9e2ab88a0a446c332e1908c173ac8252041ac1freshly minted kitty goodness1001511163925811
[20-Nov-2017 18:45:26 Australia/Canberra] file object was null
[20-Nov-2017 18:45:26 Australia/Canberra] PHP Notice:  Undefined offset: 0 in C:\inetpub\wwwroot\catship_production\json\catShipTransaction.php on line 29
[20-Nov-2017 18:45:26 Australia/Canberra] 
[20-Nov-2017 18:45:34 Australia/Canberra] looping through keys
[20-Nov-2017 18:45:34 Australia/Canberra] minerAddressIn
[20-Nov-2017 18:45:34 Australia/Canberra] 04bbcb8aabd16b91b18583ee9ef600a962b00c3ac29b37a5ee44a850ac2c12fc0e40dfe0bfe5dd9476be9aed763e9e2ab88a0a446c332e1908c173ac8252041ac1
[20-Nov-2017 18:45:34 Australia/Canberra] looping through keys
[20-Nov-2017 18:45:34 Australia/Canberra] coinRewardIn
[20-Nov-2017 18:45:34 Australia/Canberra] 100
[20-Nov-2017 18:45:34 Australia/Canberra] looping through keys
[20-Nov-2017 18:45:34 Australia/Canberra] utcTimeStamp
[20-Nov-2017 18:45:34 Australia/Canberra] 1511163934938
[20-Nov-2017 18:45:34 Australia/Canberra] transactionPlainText:
[20-Nov-2017 18:45:34 Australia/Canberra] 041c4bc717563647d7980e5f46b79c3b68eb11667559f8b70ab07b737e985d33f078dd404e1abe0ffc752e9ebb1df1b38853f2d8a79ec54aaea91827779897c5a504bbcb8aabd16b91b18583ee9ef600a962b00c3ac29b37a5ee44a850ac2c12fc0e40dfe0bfe5dd9476be9aed763e9e2ab88a0a446c332e1908c173ac8252041ac1freshly minted kitty goodness1001511163934938
[20-Nov-2017 18:45:35 Australia/Canberra] file object was null
[20-Nov-2017 18:45:35 Australia/Canberra] PHP Notice:  Undefined offset: 0 in C:\inetpub\wwwroot\catship_production\json\catShipTransaction.php on line 29
[20-Nov-2017 18:45:35 Australia/Canberra] 
[20-Nov-2017 18:45:40 Australia/Canberra] looping through keys
[20-Nov-2017 18:45:40 Australia/Canberra] minerAddressIn
[20-Nov-2017 18:45:40 Australia/Canberra] 04bbcb8aabd16b91b18583ee9ef600a962b00c3ac29b37a5ee44a850ac2c12fc0e40dfe0bfe5dd9476be9aed763e9e2ab88a0a446c332e1908c173ac8252041ac1
[20-Nov-2017 18:45:40 Australia/Canberra] looping through keys
[20-Nov-2017 18:45:40 Australia/Canberra] coinRewardIn
[20-Nov-2017 18:45:40 Australia/Canberra] 100
[20-Nov-2017 18:45:40 Australia/Canberra] looping through keys
[20-Nov-2017 18:45:40 Australia/Canberra] utcTimeStamp
[20-Nov-2017 18:45:40 Australia/Canberra] 1511163940786
[20-Nov-2017 18:45:40 Australia/Canberra] transactionPlainText:
[20-Nov-2017 18:45:40 Australia/Canberra] 041c4bc717563647d7980e5f46b79c3b68eb11667559f8b70ab07b737e985d33f078dd404e1abe0ffc752e9ebb1df1b38853f2d8a79ec54aaea91827779897c5a504bbcb8aabd16b91b18583ee9ef600a962b00c3ac29b37a5ee44a850ac2c12fc0e40dfe0bfe5dd9476be9aed763e9e2ab88a0a446c332e1908c173ac8252041ac1freshly minted kitty goodness1001511163940786
[20-Nov-2017 18:45:41 Australia/Canberra] file object was null
[20-Nov-2017 18:45:41 Australia/Canberra] PHP Notice:  Undefined offset: 0 in C:\inetpub\wwwroot\catship_production\json\catShipTransaction.php on line 29
[20-Nov-2017 18:45:41 Australia/Canberra] 
[20-Nov-2017 18:45:49 Australia/Canberra] looping through keys
[20-Nov-2017 18:45:49 Australia/Canberra] minerAddressIn
[20-Nov-2017 18:45:49 Australia/Canberra] 04bbcb8aabd16b91b18583ee9ef600a962b00c3ac29b37a5ee44a850ac2c12fc0e40dfe0bfe5dd9476be9aed763e9e2ab88a0a446c332e1908c173ac8252041ac1
[20-Nov-2017 18:45:49 Australia/Canberra] looping through keys
[20-Nov-2017 18:45:49 Australia/Canberra] coinRewardIn
[20-Nov-2017 18:45:49 Australia/Canberra] 100
[20-Nov-2017 18:45:49 Australia/Canberra] looping through keys
[20-Nov-2017 18:45:49 Australia/Canberra] utcTimeStamp
[20-Nov-2017 18:45:49 Australia/Canberra] 1511163949747
[20-Nov-2017 18:45:49 Australia/Canberra] transactionPlainText:
[20-Nov-2017 18:45:49 Australia/Canberra] 041c4bc717563647d7980e5f46b79c3b68eb11667559f8b70ab07b737e985d33f078dd404e1abe0ffc752e9ebb1df1b38853f2d8a79ec54aaea91827779897c5a504bbcb8aabd16b91b18583ee9ef600a962b00c3ac29b37a5ee44a850ac2c12fc0e40dfe0bfe5dd9476be9aed763e9e2ab88a0a446c332e1908c173ac8252041ac1freshly minted kitty goodness1001511163949747
[20-Nov-2017 18:45:50 Australia/Canberra] file object was null
[20-Nov-2017 18:45:50 Australia/Canberra] PHP Notice:  Undefined offset: 0 in C:\inetpub\wwwroot\catship_production\json\catShipTransaction.php on line 29
[20-Nov-2017 18:45:50 Australia/Canberra] 
[20-Nov-2017 22:36:59 Australia/Canberra] looping through keys
[20-Nov-2017 22:36:59 Australia/Canberra] minerAddressIn
[20-Nov-2017 22:36:59 Australia/Canberra] 04bbcb8aabd16b91b18583ee9ef600a962b00c3ac29b37a5ee44a850ac2c12fc0e40dfe0bfe5dd9476be9aed763e9e2ab88a0a446c332e1908c173ac8252041ac1
[20-Nov-2017 22:36:59 Australia/Canberra] looping through keys
[20-Nov-2017 22:36:59 Australia/Canberra] coinRewardIn
[20-Nov-2017 22:36:59 Australia/Canberra] 100
[20-Nov-2017 22:36:59 Australia/Canberra] looping through keys
[20-Nov-2017 22:36:59 Australia/Canberra] utcTimeStamp
[20-Nov-2017 22:36:59 Australia/Canberra] 1511177819182
[20-Nov-2017 22:36:59 Australia/Canberra] transactionPlainText:
[20-Nov-2017 22:36:59 Australia/Canberra] 041c4bc717563647d7980e5f46b79c3b68eb11667559f8b70ab07b737e985d33f078dd404e1abe0ffc752e9ebb1df1b38853f2d8a79ec54aaea91827779897c5a504bbcb8aabd16b91b18583ee9ef600a962b00c3ac29b37a5ee44a850ac2c12fc0e40dfe0bfe5dd9476be9aed763e9e2ab88a0a446c332e1908c173ac8252041ac1freshly minted kitty goodness1001511177819182
[20-Nov-2017 22:36:59 Australia/Canberra] file object was null
[20-Nov-2017 22:36:59 Australia/Canberra] PHP Notice:  Undefined offset: 0 in C:\inetpub\wwwroot\catship_production\json\catShipTransaction.php on line 29
[20-Nov-2017 22:36:59 Australia/Canberra] 
[20-Nov-2017 22:39:10 Australia/Canberra] looping through keys
[20-Nov-2017 22:39:10 Australia/Canberra] minerAddressIn
[20-Nov-2017 22:39:10 Australia/Canberra] 04bbcb8aabd16b91b18583ee9ef600a962b00c3ac29b37a5ee44a850ac2c12fc0e40dfe0bfe5dd9476be9aed763e9e2ab88a0a446c332e1908c173ac8252041ac1
[20-Nov-2017 22:39:10 Australia/Canberra] looping through keys
[20-Nov-2017 22:39:10 Australia/Canberra] coinRewardIn
[20-Nov-2017 22:39:10 Australia/Canberra] 100
[20-Nov-2017 22:39:10 Australia/Canberra] looping through keys
[20-Nov-2017 22:39:10 Australia/Canberra] utcTimeStamp
[20-Nov-2017 22:39:10 Australia/Canberra] 1511177950253
[20-Nov-2017 22:39:10 Australia/Canberra] transactionPlainText:
[20-Nov-2017 22:39:10 Australia/Canberra] 041c4bc717563647d7980e5f46b79c3b68eb11667559f8b70ab07b737e985d33f078dd404e1abe0ffc752e9ebb1df1b38853f2d8a79ec54aaea91827779897c5a504bbcb8aabd16b91b18583ee9ef600a962b00c3ac29b37a5ee44a850ac2c12fc0e40dfe0bfe5dd9476be9aed763e9e2ab88a0a446c332e1908c173ac8252041ac1freshly minted kitty goodness1001511177950253
[20-Nov-2017 22:39:10 Australia/Canberra] file object was null
[20-Nov-2017 22:39:10 Australia/Canberra] PHP Notice:  Undefined offset: 0 in C:\inetpub\wwwroot\catship_production\json\catShipTransaction.php on line 29
[20-Nov-2017 22:39:10 Australia/Canberra] 
[20-Nov-2017 22:40:46 Australia/Canberra] looping through keys
[20-Nov-2017 22:40:46 Australia/Canberra] minerAddressIn
[20-Nov-2017 22:40:46 Australia/Canberra] 04bbcb8aabd16b91b18583ee9ef600a962b00c3ac29b37a5ee44a850ac2c12fc0e40dfe0bfe5dd9476be9aed763e9e2ab88a0a446c332e1908c173ac8252041ac1
[20-Nov-2017 22:40:46 Australia/Canberra] looping through keys
[20-Nov-2017 22:40:46 Australia/Canberra] coinRewardIn
[20-Nov-2017 22:40:46 Australia/Canberra] 100
[20-Nov-2017 22:40:46 Australia/Canberra] looping through keys
[20-Nov-2017 22:40:46 Australia/Canberra] utcTimeStamp
[20-Nov-2017 22:40:46 Australia/Canberra] 1511178046445
[20-Nov-2017 22:40:46 Australia/Canberra] transactionPlainText:
[20-Nov-2017 22:40:46 Australia/Canberra] 041c4bc717563647d7980e5f46b79c3b68eb11667559f8b70ab07b737e985d33f078dd404e1abe0ffc752e9ebb1df1b38853f2d8a79ec54aaea91827779897c5a504bbcb8aabd16b91b18583ee9ef600a962b00c3ac29b37a5ee44a850ac2c12fc0e40dfe0bfe5dd9476be9aed763e9e2ab88a0a446c332e1908c173ac8252041ac1freshly minted kitty goodness1001511178046445
[20-Nov-2017 22:40:46 Australia/Canberra] file object was null
[20-Nov-2017 22:40:46 Australia/Canberra] PHP Notice:  Undefined offset: 0 in C:\inetpub\wwwroot\catship_production\json\catShipTransaction.php on line 29
[20-Nov-2017 22:40:46 Australia/Canberra] 
[20-Nov-2017 22:41:24 Australia/Canberra] file object was null
[20-Nov-2017 22:41:24 Australia/Canberra] PHP Notice:  Undefined offset: 0 in C:\inetpub\wwwroot\catship_production\json\catShipTransaction.php on line 29
[20-Nov-2017 22:41:24 Australia/Canberra] 
[20-Nov-2017 22:43:45 Australia/Canberra] file object was not null, pushing
[20-Nov-2017 22:43:45 Australia/Canberra] 04bbcb8aabd16b91b18583ee9ef600a962b00c3ac29b37a5ee44a850ac2c12fc0e40dfe0bfe5dd9476be9aed763e9e2ab88a0a446c332e1908c173ac8252041ac1
[20-Nov-2017 22:45:57 Australia/Canberra] file object was not null, pushing
[20-Nov-2017 22:45:57 Australia/Canberra] 04bbcb8aabd16b91b18583ee9ef600a962b00c3ac29b37a5ee44a850ac2c12fc0e40dfe0bfe5dd9476be9aed763e9e2ab88a0a446c332e1908c173ac8252041ac1
[20-Nov-2017 22:46:07 Australia/Canberra] looping through keys
[20-Nov-2017 22:46:07 Australia/Canberra] minerAddressIn
[20-Nov-2017 22:46:07 Australia/Canberra] 04bbcb8aabd16b91b18583ee9ef600a962b00c3ac29b37a5ee44a850ac2c12fc0e40dfe0bfe5dd9476be9aed763e9e2ab88a0a446c332e1908c173ac8252041ac1
[20-Nov-2017 22:46:07 Australia/Canberra] looping through keys
[20-Nov-2017 22:46:07 Australia/Canberra] coinRewardIn
[20-Nov-2017 22:46:07 Australia/Canberra] 100
[20-Nov-2017 22:46:07 Australia/Canberra] looping through keys
[20-Nov-2017 22:46:07 Australia/Canberra] utcTimeStamp
[20-Nov-2017 22:46:07 Australia/Canberra] 1511178367538
[20-Nov-2017 22:46:07 Australia/Canberra] transactionPlainText:
[20-Nov-2017 22:46:07 Australia/Canberra] 041c4bc717563647d7980e5f46b79c3b68eb11667559f8b70ab07b737e985d33f078dd404e1abe0ffc752e9ebb1df1b38853f2d8a79ec54aaea91827779897c5a504bbcb8aabd16b91b18583ee9ef600a962b00c3ac29b37a5ee44a850ac2c12fc0e40dfe0bfe5dd9476be9aed763e9e2ab88a0a446c332e1908c173ac8252041ac1freshly minted kitty goodness1001511178367538
[20-Nov-2017 22:46:07 Australia/Canberra] file object was not null, pushing
[20-Nov-2017 22:46:07 Australia/Canberra] 04bbcb8aabd16b91b18583ee9ef600a962b00c3ac29b37a5ee44a850ac2c12fc0e40dfe0bfe5dd9476be9aed763e9e2ab88a0a446c332e1908c173ac8252041ac1
[20-Nov-2017 22:57:00 Australia/Canberra] file object was null
[20-Nov-2017 22:57:00 Australia/Canberra] PHP Notice:  Undefined offset: 0 in C:\inetpub\wwwroot\catship_production\json\catShipTransaction.php on line 29
[20-Nov-2017 22:57:00 Australia/Canberra] 
[21-Nov-2017 03:21:21 Australia/Canberra] players ip address
[21-Nov-2017 03:21:21 Australia/Canberra] ::1
[21-Nov-2017 03:21:21 Australia/Canberra] looping through keys
[21-Nov-2017 03:21:21 Australia/Canberra] checkpointTotal
[21-Nov-2017 03:21:21 Australia/Canberra] 0
[21-Nov-2017 03:21:21 Australia/Canberra] looping through keys
[21-Nov-2017 03:21:21 Australia/Canberra] checkpointEnemyCount
[21-Nov-2017 03:21:21 Australia/Canberra] 0
[21-Nov-2017 03:21:21 Australia/Canberra] looping through keys
[21-Nov-2017 03:21:21 Australia/Canberra] checkpointSb
[21-Nov-2017 03:21:21 Australia/Canberra] 0
[21-Nov-2017 03:21:22 Australia/Canberra] looping through keys
[21-Nov-2017 03:21:22 Australia/Canberra] checkpointPyramidCount
[21-Nov-2017 03:21:22 Australia/Canberra] 0
[21-Nov-2017 03:21:22 Australia/Canberra] looping through keys
[21-Nov-2017 03:21:22 Australia/Canberra] checkpointPyramidTimer
[21-Nov-2017 03:21:22 Australia/Canberra] 0
[21-Nov-2017 03:21:22 Australia/Canberra] looping through keys
[21-Nov-2017 03:21:22 Australia/Canberra] checkpointPyramidsOffset
[21-Nov-2017 03:21:22 Australia/Canberra] 0
[21-Nov-2017 03:21:22 Australia/Canberra] looping through keys
[21-Nov-2017 03:21:22 Australia/Canberra] checkpointStage1Y
[21-Nov-2017 03:21:22 Australia/Canberra] 0
[21-Nov-2017 03:21:22 Australia/Canberra] looping through keys
[21-Nov-2017 03:21:22 Australia/Canberra] checkpointStage2Y
[21-Nov-2017 03:21:22 Australia/Canberra] 0
[21-Nov-2017 03:21:22 Australia/Canberra] looping through keys
[21-Nov-2017 03:21:22 Australia/Canberra] checkpointPyramidsY
[21-Nov-2017 03:21:22 Australia/Canberra] 0
[21-Nov-2017 03:21:22 Australia/Canberra] looping through keys
[21-Nov-2017 03:21:22 Australia/Canberra] checkpointCheckpoint
[21-Nov-2017 03:21:22 Australia/Canberra] 0
[21-Nov-2017 03:21:22 Australia/Canberra] looping through keys
[21-Nov-2017 03:21:22 Australia/Canberra] checkpointShipFP
[21-Nov-2017 03:21:22 Australia/Canberra] 0
[21-Nov-2017 03:21:22 Australia/Canberra] looping through keys
[21-Nov-2017 03:21:22 Australia/Canberra] checkpointStagespeed
[21-Nov-2017 03:21:22 Australia/Canberra] 1
[21-Nov-2017 03:21:22 Australia/Canberra] looping through keys
[21-Nov-2017 03:21:22 Australia/Canberra] health
[21-Nov-2017 03:21:22 Australia/Canberra] -1
[21-Nov-2017 03:21:22 Australia/Canberra] looping through keys
[21-Nov-2017 03:21:22 Australia/Canberra] alienHealth
[21-Nov-2017 03:21:22 Australia/Canberra] 12
[21-Nov-2017 03:21:22 Australia/Canberra] looping through keys
[21-Nov-2017 03:21:22 Australia/Canberra] total
[21-Nov-2017 03:21:22 Australia/Canberra] 141
[21-Nov-2017 03:21:22 Australia/Canberra] looping through keys
[21-Nov-2017 03:21:22 Australia/Canberra] sb
[21-Nov-2017 03:21:22 Australia/Canberra] 1
[21-Nov-2017 03:21:22 Australia/Canberra] looping through keys
[21-Nov-2017 03:21:22 Australia/Canberra] enemyCount
[21-Nov-2017 03:21:22 Australia/Canberra] 12
[21-Nov-2017 03:21:22 Australia/Canberra] looping through keys
[21-Nov-2017 03:21:22 Australia/Canberra] score
[21-Nov-2017 03:21:22 Australia/Canberra] 140
[21-Nov-2017 03:21:22 Australia/Canberra] looping through keys
[21-Nov-2017 03:21:22 Australia/Canberra] row
[21-Nov-2017 03:21:22 Australia/Canberra] 0
[21-Nov-2017 03:21:22 Australia/Canberra] looping through keys
[21-Nov-2017 03:21:22 Australia/Canberra] pyramidCount
[21-Nov-2017 03:21:22 Australia/Canberra] 0
[21-Nov-2017 03:21:22 Australia/Canberra] looping through keys
[21-Nov-2017 03:21:22 Australia/Canberra] pyramidTimer
[21-Nov-2017 03:21:22 Australia/Canberra] 0
[21-Nov-2017 03:21:22 Australia/Canberra] looping through keys
[21-Nov-2017 03:21:22 Australia/Canberra] pyramidsOffset
[21-Nov-2017 03:21:22 Australia/Canberra] 2535
[21-Nov-2017 03:21:22 Australia/Canberra] looping through keys
[21-Nov-2017 03:21:22 Australia/Canberra] checkpoint
[21-Nov-2017 03:21:22 Australia/Canberra] 0
[21-Nov-2017 03:21:22 Australia/Canberra] looping through keys
[21-Nov-2017 03:21:22 Australia/Canberra] shipFP
[21-Nov-2017 03:21:22 Australia/Canberra] 0
[21-Nov-2017 03:21:22 Australia/Canberra] looping through keys
[21-Nov-2017 03:21:22 Australia/Canberra] stagespeed
[21-Nov-2017 03:21:22 Australia/Canberra] 1
[21-Nov-2017 03:21:22 Australia/Canberra] looping through keys
[21-Nov-2017 03:21:22 Australia/Canberra] shipy
[21-Nov-2017 03:21:22 Australia/Canberra] 172.66666666667
[21-Nov-2017 03:21:22 Australia/Canberra] looping through keys
[21-Nov-2017 03:21:22 Australia/Canberra] shipx
[21-Nov-2017 03:21:22 Australia/Canberra] 184.16666666667
[21-Nov-2017 03:21:22 Australia/Canberra] looping through keys
[21-Nov-2017 03:21:22 Australia/Canberra] enemy1Count
[21-Nov-2017 03:21:22 Australia/Canberra] 4
[21-Nov-2017 03:21:22 Australia/Canberra] looping through keys
[21-Nov-2017 03:21:22 Australia/Canberra] enemy2Count
[21-Nov-2017 03:21:22 Australia/Canberra] 0
[21-Nov-2017 03:21:22 Australia/Canberra] looping through keys
[21-Nov-2017 03:21:22 Australia/Canberra] enemy3Count
[21-Nov-2017 03:21:22 Australia/Canberra] 1
[21-Nov-2017 03:21:22 Australia/Canberra] looping through keys
[21-Nov-2017 03:21:22 Australia/Canberra] enemy4Count
[21-Nov-2017 03:21:22 Australia/Canberra] 0
[21-Nov-2017 03:21:22 Australia/Canberra] looping through keys
[21-Nov-2017 03:21:22 Australia/Canberra] pyramidsy
[21-Nov-2017 03:21:22 Australia/Canberra] 2535
[21-Nov-2017 03:21:22 Australia/Canberra] looping through keys
[21-Nov-2017 03:21:22 Australia/Canberra] eventTime
[21-Nov-2017 03:21:22 Australia/Canberra] 0
[21-Nov-2017 03:21:22 Australia/Canberra] looping through keys
[21-Nov-2017 03:21:22 Australia/Canberra] minerAddressIn
[21-Nov-2017 03:21:22 Australia/Canberra] 04bbcb8aabd16b91b18583ee9ef600a962b00c3ac29b37a5ee44a850ac2c12fc0e40dfe0bfe5dd9476be9aed763e9e2ab88a0a446c332e1908c173ac8252041ac1
[21-Nov-2017 03:21:22 Australia/Canberra] looping through keys
[21-Nov-2017 03:21:22 Australia/Canberra] utcTimeStamp
[21-Nov-2017 03:21:22 Australia/Canberra] 1511194881911
[21-Nov-2017 03:21:22 Australia/Canberra] looping through keys
[21-Nov-2017 03:21:22 Australia/Canberra] enemyBulletsFired
[21-Nov-2017 03:21:22 Australia/Canberra] 49
[21-Nov-2017 03:21:22 Australia/Canberra] looping through keys
[21-Nov-2017 03:21:22 Australia/Canberra] CPTrophy
[21-Nov-2017 03:21:22 Australia/Canberra] 0
[21-Nov-2017 03:21:22 Australia/Canberra] looping through keys
[21-Nov-2017 03:21:22 Australia/Canberra] bonus
[21-Nov-2017 03:21:22 Australia/Canberra] 0
[21-Nov-2017 03:21:22 Australia/Canberra] transactionPlainText:
[21-Nov-2017 03:21:22 Australia/Canberra] 041c4bc717563647d7980e5f46b79c3b68eb11667559f8b70ab07b737e985d33f078dd404e1abe0ffc752e9ebb1df1b38853f2d8a79ec54aaea91827779897c5a504bbcb8aabd16b91b18583ee9ef600a962b00c3ac29b37a5ee44a850ac2c12fc0e40dfe0bfe5dd9476be9aed763e9e2ab88a0a446c332e1908c173ac8252041ac1cats in space1401511194881911
[21-Nov-2017 03:21:28 Australia/Canberra] file object was null
[21-Nov-2017 03:21:28 Australia/Canberra] 
[21-Nov-2017 03:24:37 Australia/Canberra] file object was not null, pushing
[21-Nov-2017 03:24:37 Australia/Canberra] 041c4bc717563647d7980e5f46b79c3b68eb11667559f8b70ab07b737e985d33f078dd404e1abe0ffc752e9ebb1df1b38853f2d8a79ec54aaea91827779897c5a5
[21-Nov-2017 03:27:04 Australia/Canberra] file object was not null, pushing
[21-Nov-2017 03:27:04 Australia/Canberra] 041c4bc717563647d7980e5f46b79c3b68eb11667559f8b70ab07b737e985d33f078dd404e1abe0ffc752e9ebb1df1b38853f2d8a79ec54aaea91827779897c5a5
[21-Nov-2017 03:27:21 Australia/Canberra] file object was not null, pushing
[21-Nov-2017 03:27:21 Australia/Canberra] 041c4bc717563647d7980e5f46b79c3b68eb11667559f8b70ab07b737e985d33f078dd404e1abe0ffc752e9ebb1df1b38853f2d8a79ec54aaea91827779897c5a5
[21-Nov-2017 03:37:58 Australia/Canberra] file object was not null, pushing
[21-Nov-2017 03:37:58 Australia/Canberra] 041c4bc717563647d7980e5f46b79c3b68eb11667559f8b70ab07b737e985d33f078dd404e1abe0ffc752e9ebb1df1b38853f2d8a79ec54aaea91827779897c5a5
[21-Nov-2017 03:39:14 Australia/Canberra] file object was not null, pushing
[21-Nov-2017 03:39:14 Australia/Canberra] 041c4bc717563647d7980e5f46b79c3b68eb11667559f8b70ab07b737e985d33f078dd404e1abe0ffc752e9ebb1df1b38853f2d8a79ec54aaea91827779897c5a5
[21-Nov-2017 03:41:54 Australia/Canberra] file object was not null, pushing
[21-Nov-2017 03:41:54 Australia/Canberra] 041c4bc717563647d7980e5f46b79c3b68eb11667559f8b70ab07b737e985d33f078dd404e1abe0ffc752e9ebb1df1b38853f2d8a79ec54aaea91827779897c5a5
[21-Nov-2017 03:44:04 Australia/Canberra] file object was not null, pushing
[21-Nov-2017 03:44:04 Australia/Canberra] 041c4bc717563647d7980e5f46b79c3b68eb11667559f8b70ab07b737e985d33f078dd404e1abe0ffc752e9ebb1df1b38853f2d8a79ec54aaea91827779897c5a5
[21-Nov-2017 03:47:33 Australia/Canberra] file object was not null, pushing
[21-Nov-2017 03:47:33 Australia/Canberra] 041c4bc717563647d7980e5f46b79c3b68eb11667559f8b70ab07b737e985d33f078dd404e1abe0ffc752e9ebb1df1b38853f2d8a79ec54aaea91827779897c5a5
[21-Nov-2017 04:00:01 Australia/Canberra] file object was not null, pushing
[21-Nov-2017 04:00:01 Australia/Canberra] 041c4bc717563647d7980e5f46b79c3b68eb11667559f8b70ab07b737e985d33f078dd404e1abe0ffc752e9ebb1df1b38853f2d8a79ec54aaea91827779897c5a5
[21-Nov-2017 04:20:01 Australia/Canberra] looping through keys
[21-Nov-2017 04:20:01 Australia/Canberra] minerAddressIn
[21-Nov-2017 04:20:01 Australia/Canberra] 04bbcb8aabd16b91b18583ee9ef600a962b00c3ac29b37a5ee44a850ac2c12fc0e40dfe0bfe5dd9476be9aed763e9e2ab88a0a446c332e1908c173ac8252041ac1
[21-Nov-2017 04:20:01 Australia/Canberra] looping through keys
[21-Nov-2017 04:20:01 Australia/Canberra] coinRewardIn
[21-Nov-2017 04:20:01 Australia/Canberra] 100
[21-Nov-2017 04:20:01 Australia/Canberra] looping through keys
[21-Nov-2017 04:20:01 Australia/Canberra] utcTimeStamp
[21-Nov-2017 04:20:01 Australia/Canberra] 1511198401824
[21-Nov-2017 04:20:01 Australia/Canberra] transactionPlainText:
[21-Nov-2017 04:20:01 Australia/Canberra] 041c4bc717563647d7980e5f46b79c3b68eb11667559f8b70ab07b737e985d33f078dd404e1abe0ffc752e9ebb1df1b38853f2d8a79ec54aaea91827779897c5a504bbcb8aabd16b91b18583ee9ef600a962b00c3ac29b37a5ee44a850ac2c12fc0e40dfe0bfe5dd9476be9aed763e9e2ab88a0a446c332e1908c173ac8252041ac1freshly minted kitty goodness1001511198401824
[21-Nov-2017 04:20:02 Australia/Canberra] file object was not null, pushing
[21-Nov-2017 04:20:02 Australia/Canberra] 041c4bc717563647d7980e5f46b79c3b68eb11667559f8b70ab07b737e985d33f078dd404e1abe0ffc752e9ebb1df1b38853f2d8a79ec54aaea91827779897c5a5
