[21-Nov-2017 04:36:48 Australia/Canberra] file object was not null, pushing
[21-Nov-2017 04:36:48 Australia/Canberra] 04bbcb8aabd16b91b18583ee9ef600a962b00c3ac29b37a5ee44a850ac2c12fc0e40dfe0bfe5dd9476be9aed763e9e2ab88a0a446c332e1908c173ac8252041ac1
[21-Nov-2017 04:46:03 Australia/Canberra] players ip address
[21-Nov-2017 04:46:03 Australia/Canberra] ::1
[21-Nov-2017 04:46:03 Australia/Canberra] looping through keys
[21-Nov-2017 04:46:03 Australia/Canberra] checkpointTotal
[21-Nov-2017 04:46:03 Australia/Canberra] 0
[21-Nov-2017 04:46:03 Australia/Canberra] looping through keys
[21-Nov-2017 04:46:03 Australia/Canberra] checkpointEnemyCount
[21-Nov-2017 04:46:03 Australia/Canberra] 0
[21-Nov-2017 04:46:03 Australia/Canberra] looping through keys
[21-Nov-2017 04:46:03 Australia/Canberra] checkpointSb
[21-Nov-2017 04:46:03 Australia/Canberra] 0
[21-Nov-2017 04:46:03 Australia/Canberra] looping through keys
[21-Nov-2017 04:46:03 Australia/Canberra] checkpointPyramidCount
[21-Nov-2017 04:46:03 Australia/Canberra] 0
[21-Nov-2017 04:46:03 Australia/Canberra] looping through keys
[21-Nov-2017 04:46:03 Australia/Canberra] checkpointPyramidTimer
[21-Nov-2017 04:46:03 Australia/Canberra] 0
[21-Nov-2017 04:46:03 Australia/Canberra] looping through keys
[21-Nov-2017 04:46:03 Australia/Canberra] checkpointPyramidsOffset
[21-Nov-2017 04:46:03 Australia/Canberra] 0
[21-Nov-2017 04:46:03 Australia/Canberra] looping through keys
[21-Nov-2017 04:46:03 Australia/Canberra] checkpointStage1Y
[21-Nov-2017 04:46:03 Australia/Canberra] 0
[21-Nov-2017 04:46:03 Australia/Canberra] looping through keys
[21-Nov-2017 04:46:03 Australia/Canberra] checkpointStage2Y
[21-Nov-2017 04:46:03 Australia/Canberra] 0
[21-Nov-2017 04:46:03 Australia/Canberra] looping through keys
[21-Nov-2017 04:46:03 Australia/Canberra] checkpointPyramidsY
[21-Nov-2017 04:46:03 Australia/Canberra] 0
[21-Nov-2017 04:46:03 Australia/Canberra] looping through keys
[21-Nov-2017 04:46:03 Australia/Canberra] checkpointCheckpoint
[21-Nov-2017 04:46:03 Australia/Canberra] 0
[21-Nov-2017 04:46:03 Australia/Canberra] looping through keys
[21-Nov-2017 04:46:03 Australia/Canberra] checkpointShipFP
[21-Nov-2017 04:46:03 Australia/Canberra] 0
[21-Nov-2017 04:46:03 Australia/Canberra] looping through keys
[21-Nov-2017 04:46:03 Australia/Canberra] checkpointStagespeed
[21-Nov-2017 04:46:03 Australia/Canberra] 1
[21-Nov-2017 04:46:03 Australia/Canberra] looping through keys
[21-Nov-2017 04:46:04 Australia/Canberra] health
[21-Nov-2017 04:46:04 Australia/Canberra] -1
[21-Nov-2017 04:46:04 Australia/Canberra] looping through keys
[21-Nov-2017 04:46:04 Australia/Canberra] alienHealth
[21-Nov-2017 04:46:04 Australia/Canberra] 12
[21-Nov-2017 04:46:04 Australia/Canberra] looping through keys
[21-Nov-2017 04:46:04 Australia/Canberra] total
[21-Nov-2017 04:46:04 Australia/Canberra] 76
[21-Nov-2017 04:46:04 Australia/Canberra] looping through keys
[21-Nov-2017 04:46:04 Australia/Canberra] sb
[21-Nov-2017 04:46:04 Australia/Canberra] 1
[21-Nov-2017 04:46:04 Australia/Canberra] looping through keys
[21-Nov-2017 04:46:04 Australia/Canberra] enemyCount
[21-Nov-2017 04:46:04 Australia/Canberra] 8
[21-Nov-2017 04:46:04 Australia/Canberra] looping through keys
[21-Nov-2017 04:46:04 Australia/Canberra] score
[21-Nov-2017 04:46:04 Australia/Canberra] 80
[21-Nov-2017 04:46:04 Australia/Canberra] looping through keys
[21-Nov-2017 04:46:04 Australia/Canberra] row
[21-Nov-2017 04:46:04 Australia/Canberra] 0
[21-Nov-2017 04:46:04 Australia/Canberra] looping through keys
[21-Nov-2017 04:46:04 Australia/Canberra] pyramidCount
[21-Nov-2017 04:46:04 Australia/Canberra] 0
[21-Nov-2017 04:46:04 Australia/Canberra] looping through keys
[21-Nov-2017 04:46:04 Australia/Canberra] pyramidTimer
[21-Nov-2017 04:46:04 Australia/Canberra] 0
[21-Nov-2017 04:46:04 Australia/Canberra] looping through keys
[21-Nov-2017 04:46:04 Australia/Canberra] pyramidsOffset
[21-Nov-2017 04:46:04 Australia/Canberra] 1374
[21-Nov-2017 04:46:04 Australia/Canberra] looping through keys
[21-Nov-2017 04:46:04 Australia/Canberra] checkpoint
[21-Nov-2017 04:46:04 Australia/Canberra] 0
[21-Nov-2017 04:46:04 Australia/Canberra] looping through keys
[21-Nov-2017 04:46:04 Australia/Canberra] shipFP
[21-Nov-2017 04:46:04 Australia/Canberra] 0
[21-Nov-2017 04:46:04 Australia/Canberra] looping through keys
[21-Nov-2017 04:46:04 Australia/Canberra] stagespeed
[21-Nov-2017 04:46:04 Australia/Canberra] 1
[21-Nov-2017 04:46:04 Australia/Canberra] looping through keys
[21-Nov-2017 04:46:04 Australia/Canberra] shipy
[21-Nov-2017 04:46:04 Australia/Canberra] 469
[21-Nov-2017 04:46:04 Australia/Canberra] looping through keys
[21-Nov-2017 04:46:04 Australia/Canberra] shipx
[21-Nov-2017 04:46:04 Australia/Canberra] 122.16666666667
[21-Nov-2017 04:46:04 Australia/Canberra] looping through keys
[21-Nov-2017 04:46:04 Australia/Canberra] enemy1Count
[21-Nov-2017 04:46:04 Australia/Canberra] 4
[21-Nov-2017 04:46:04 Australia/Canberra] looping through keys
[21-Nov-2017 04:46:04 Australia/Canberra] enemy2Count
[21-Nov-2017 04:46:04 Australia/Canberra] 0
[21-Nov-2017 04:46:04 Australia/Canberra] looping through keys
[21-Nov-2017 04:46:04 Australia/Canberra] enemy3Count
[21-Nov-2017 04:46:04 Australia/Canberra] 0
[21-Nov-2017 04:46:04 Australia/Canberra] looping through keys
[21-Nov-2017 04:46:04 Australia/Canberra] enemy4Count
[21-Nov-2017 04:46:04 Australia/Canberra] 0
[21-Nov-2017 04:46:04 Australia/Canberra] looping through keys
[21-Nov-2017 04:46:04 Australia/Canberra] pyramidsy
[21-Nov-2017 04:46:04 Australia/Canberra] 1374
[21-Nov-2017 04:46:04 Australia/Canberra] looping through keys
[21-Nov-2017 04:46:04 Australia/Canberra] eventTime
[21-Nov-2017 04:46:04 Australia/Canberra] 0
[21-Nov-2017 04:46:04 Australia/Canberra] looping through keys
[21-Nov-2017 04:46:04 Australia/Canberra] minerAddressIn
[21-Nov-2017 04:46:04 Australia/Canberra] 04bbcb8aabd16b91b18583ee9ef600a962b00c3ac29b37a5ee44a850ac2c12fc0e40dfe0bfe5dd9476be9aed763e9e2ab88a0a446c332e1908c173ac8252041ac1
[21-Nov-2017 04:46:04 Australia/Canberra] looping through keys
[21-Nov-2017 04:46:04 Australia/Canberra] utcTimeStamp
[21-Nov-2017 04:46:04 Australia/Canberra] 1511199963687
[21-Nov-2017 04:46:04 Australia/Canberra] looping through keys
[21-Nov-2017 04:46:04 Australia/Canberra] enemyBulletsFired
[21-Nov-2017 04:46:04 Australia/Canberra] 21
[21-Nov-2017 04:46:04 Australia/Canberra] looping through keys
[21-Nov-2017 04:46:04 Australia/Canberra] CPTrophy
[21-Nov-2017 04:46:04 Australia/Canberra] 0
[21-Nov-2017 04:46:04 Australia/Canberra] looping through keys
[21-Nov-2017 04:46:04 Australia/Canberra] bonus
[21-Nov-2017 04:46:04 Australia/Canberra] 0
[21-Nov-2017 04:46:04 Australia/Canberra] transactionPlainText:
[21-Nov-2017 04:46:04 Australia/Canberra] 04ce828291cad2e744a27daf8548774ea17f8d789e76f854a338cecf50bb404959c327ffd0ac6fa8c26b8546c2d08f34940e70e9e7312742fe22aa1d6cc72f299f04bbcb8aabd16b91b18583ee9ef600a962b00c3ac29b37a5ee44a850ac2c12fc0e40dfe0bfe5dd9476be9aed763e9e2ab88a0a446c332e1908c173ac8252041ac1cats in space801511199963687
[21-Nov-2017 04:51:04 Australia/Canberra] players ip address
[21-Nov-2017 04:51:04 Australia/Canberra] ::1
[21-Nov-2017 04:51:04 Australia/Canberra] looping through keys
[21-Nov-2017 04:51:04 Australia/Canberra] checkpointTotal
[21-Nov-2017 04:51:04 Australia/Canberra] 0
[21-Nov-2017 04:51:04 Australia/Canberra] looping through keys
[21-Nov-2017 04:51:04 Australia/Canberra] checkpointEnemyCount
[21-Nov-2017 04:51:04 Australia/Canberra] 0
[21-Nov-2017 04:51:04 Australia/Canberra] looping through keys
[21-Nov-2017 04:51:04 Australia/Canberra] checkpointSb
[21-Nov-2017 04:51:04 Australia/Canberra] 0
[21-Nov-2017 04:51:04 Australia/Canberra] looping through keys
[21-Nov-2017 04:51:04 Australia/Canberra] checkpointPyramidCount
[21-Nov-2017 04:51:04 Australia/Canberra] 0
[21-Nov-2017 04:51:04 Australia/Canberra] looping through keys
[21-Nov-2017 04:51:04 Australia/Canberra] checkpointPyramidTimer
[21-Nov-2017 04:51:04 Australia/Canberra] 0
[21-Nov-2017 04:51:04 Australia/Canberra] looping through keys
[21-Nov-2017 04:51:04 Australia/Canberra] checkpointPyramidsOffset
[21-Nov-2017 04:51:04 Australia/Canberra] 0
[21-Nov-2017 04:51:04 Australia/Canberra] looping through keys
[21-Nov-2017 04:51:04 Australia/Canberra] checkpointStage1Y
[21-Nov-2017 04:51:04 Australia/Canberra] 0
[21-Nov-2017 04:51:04 Australia/Canberra] looping through keys
[21-Nov-2017 04:51:04 Australia/Canberra] checkpointStage2Y
[21-Nov-2017 04:51:04 Australia/Canberra] 0
[21-Nov-2017 04:51:04 Australia/Canberra] looping through keys
[21-Nov-2017 04:51:04 Australia/Canberra] checkpointPyramidsY
[21-Nov-2017 04:51:04 Australia/Canberra] 0
[21-Nov-2017 04:51:04 Australia/Canberra] looping through keys
[21-Nov-2017 04:51:04 Australia/Canberra] checkpointCheckpoint
[21-Nov-2017 04:51:04 Australia/Canberra] 0
[21-Nov-2017 04:51:04 Australia/Canberra] looping through keys
[21-Nov-2017 04:51:04 Australia/Canberra] checkpointShipFP
[21-Nov-2017 04:51:04 Australia/Canberra] 0
[21-Nov-2017 04:51:04 Australia/Canberra] looping through keys
[21-Nov-2017 04:51:04 Australia/Canberra] checkpointStagespeed
[21-Nov-2017 04:51:04 Australia/Canberra] 1
[21-Nov-2017 04:51:04 Australia/Canberra] looping through keys
[21-Nov-2017 04:51:04 Australia/Canberra] health
[21-Nov-2017 04:51:04 Australia/Canberra] -1
[21-Nov-2017 04:51:04 Australia/Canberra] looping through keys
[21-Nov-2017 04:51:04 Australia/Canberra] alienHealth
[21-Nov-2017 04:51:04 Australia/Canberra] 12
[21-Nov-2017 04:51:04 Australia/Canberra] looping through keys
[21-Nov-2017 04:51:04 Australia/Canberra] total
[21-Nov-2017 04:51:04 Australia/Canberra] 125
[21-Nov-2017 04:51:04 Australia/Canberra] looping through keys
[21-Nov-2017 04:51:04 Australia/Canberra] sb
[21-Nov-2017 04:51:04 Australia/Canberra] 1
[21-Nov-2017 04:51:04 Australia/Canberra] looping through keys
[21-Nov-2017 04:51:04 Australia/Canberra] enemyCount
[21-Nov-2017 04:51:04 Australia/Canberra] 12
[21-Nov-2017 04:51:04 Australia/Canberra] looping through keys
[21-Nov-2017 04:51:04 Australia/Canberra] score
[21-Nov-2017 04:51:04 Australia/Canberra] 120
[21-Nov-2017 04:51:04 Australia/Canberra] looping through keys
[21-Nov-2017 04:51:05 Australia/Canberra] row
[21-Nov-2017 04:51:05 Australia/Canberra] 0
[21-Nov-2017 04:51:05 Australia/Canberra] looping through keys
[21-Nov-2017 04:51:05 Australia/Canberra] pyramidCount
[21-Nov-2017 04:51:05 Australia/Canberra] 0
[21-Nov-2017 04:51:05 Australia/Canberra] looping through keys
[21-Nov-2017 04:51:05 Australia/Canberra] pyramidTimer
[21-Nov-2017 04:51:05 Australia/Canberra] 0
[21-Nov-2017 04:51:05 Australia/Canberra] looping through keys
[21-Nov-2017 04:51:05 Australia/Canberra] pyramidsOffset
[21-Nov-2017 04:51:05 Australia/Canberra] 2258
[21-Nov-2017 04:51:05 Australia/Canberra] looping through keys
[21-Nov-2017 04:51:05 Australia/Canberra] checkpoint
[21-Nov-2017 04:51:05 Australia/Canberra] 0
[21-Nov-2017 04:51:05 Australia/Canberra] looping through keys
[21-Nov-2017 04:51:05 Australia/Canberra] shipFP
[21-Nov-2017 04:51:05 Australia/Canberra] 0
[21-Nov-2017 04:51:05 Australia/Canberra] looping through keys
[21-Nov-2017 04:51:05 Australia/Canberra] stagespeed
[21-Nov-2017 04:51:05 Australia/Canberra] 1
[21-Nov-2017 04:51:05 Australia/Canberra] looping through keys
[21-Nov-2017 04:51:05 Australia/Canberra] shipy
[21-Nov-2017 04:51:05 Australia/Canberra] 531.25
[21-Nov-2017 04:51:05 Australia/Canberra] looping through keys
[21-Nov-2017 04:51:05 Australia/Canberra] shipx
[21-Nov-2017 04:51:05 Australia/Canberra] 27.5
[21-Nov-2017 04:51:05 Australia/Canberra] looping through keys
[21-Nov-2017 04:51:05 Australia/Canberra] enemy1Count
[21-Nov-2017 04:51:05 Australia/Canberra] 4
[21-Nov-2017 04:51:05 Australia/Canberra] looping through keys
[21-Nov-2017 04:51:05 Australia/Canberra] enemy2Count
[21-Nov-2017 04:51:05 Australia/Canberra] 0
[21-Nov-2017 04:51:05 Australia/Canberra] looping through keys
[21-Nov-2017 04:51:05 Australia/Canberra] enemy3Count
[21-Nov-2017 04:51:05 Australia/Canberra] 2
[21-Nov-2017 04:51:05 Australia/Canberra] looping through keys
[21-Nov-2017 04:51:05 Australia/Canberra] enemy4Count
[21-Nov-2017 04:51:05 Australia/Canberra] 0
[21-Nov-2017 04:51:05 Australia/Canberra] looping through keys
[21-Nov-2017 04:51:05 Australia/Canberra] pyramidsy
[21-Nov-2017 04:51:05 Australia/Canberra] 2258
[21-Nov-2017 04:51:05 Australia/Canberra] looping through keys
[21-Nov-2017 04:51:05 Australia/Canberra] eventTime
[21-Nov-2017 04:51:05 Australia/Canberra] 0
[21-Nov-2017 04:51:05 Australia/Canberra] looping through keys
[21-Nov-2017 04:51:05 Australia/Canberra] minerAddressIn
[21-Nov-2017 04:51:05 Australia/Canberra] 04bbcb8aabd16b91b18583ee9ef600a962b00c3ac29b37a5ee44a850ac2c12fc0e40dfe0bfe5dd9476be9aed763e9e2ab88a0a446c332e1908c173ac8252041ac1
[21-Nov-2017 04:51:05 Australia/Canberra] looping through keys
[21-Nov-2017 04:51:05 Australia/Canberra] utcTimeStamp
[21-Nov-2017 04:51:05 Australia/Canberra] 1511200264810
[21-Nov-2017 04:51:05 Australia/Canberra] looping through keys
[21-Nov-2017 04:51:05 Australia/Canberra] enemyBulletsFired
[21-Nov-2017 04:51:05 Australia/Canberra] 55
[21-Nov-2017 04:51:05 Australia/Canberra] looping through keys
[21-Nov-2017 04:51:05 Australia/Canberra] CPTrophy
[21-Nov-2017 04:51:05 Australia/Canberra] 0
[21-Nov-2017 04:51:05 Australia/Canberra] looping through keys
[21-Nov-2017 04:51:05 Australia/Canberra] bonus
[21-Nov-2017 04:51:05 Australia/Canberra] 0
[21-Nov-2017 04:51:05 Australia/Canberra] transactionPlainText:
[21-Nov-2017 04:51:05 Australia/Canberra] 04ce828291cad2e744a27daf8548774ea17f8d789e76f854a338cecf50bb404959c327ffd0ac6fa8c26b8546c2d08f34940e70e9e7312742fe22aa1d6cc72f299f04bbcb8aabd16b91b18583ee9ef600a962b00c3ac29b37a5ee44a850ac2c12fc0e40dfe0bfe5dd9476be9aed763e9e2ab88a0a446c332e1908c173ac8252041ac1cats in space1201511200264810
[21-Nov-2017 04:51:05 Australia/Canberra] file object was not null, pushing
[21-Nov-2017 04:51:05 Australia/Canberra] 04bbcb8aabd16b91b18583ee9ef600a962b00c3ac29b37a5ee44a850ac2c12fc0e40dfe0bfe5dd9476be9aed763e9e2ab88a0a446c332e1908c173ac8252041ac1
[22-Nov-2017 16:13:28 Australia/Canberra] looping through keys
[22-Nov-2017 16:13:28 Australia/Canberra] minerAddressIn
[22-Nov-2017 16:13:28 Australia/Canberra] 04bbcb8aabd16b91b18583ee9ef600a962b00c3ac29b37a5ee44a850ac2c12fc0e40dfe0bfe5dd9476be9aed763e9e2ab88a0a446c332e1908c173ac8252041ac1
[22-Nov-2017 16:13:28 Australia/Canberra] looping through keys
[22-Nov-2017 16:13:28 Australia/Canberra] coinRewardIn
[22-Nov-2017 16:13:28 Australia/Canberra] 100
[22-Nov-2017 16:13:28 Australia/Canberra] looping through keys
[22-Nov-2017 16:13:28 Australia/Canberra] utcTimeStamp
[22-Nov-2017 16:13:28 Australia/Canberra] 1511327607843
[22-Nov-2017 16:13:28 Australia/Canberra] transactionPlainText:
[22-Nov-2017 16:13:28 Australia/Canberra] 041c4bc717563647d7980e5f46b79c3b68eb11667559f8b70ab07b737e985d33f078dd404e1abe0ffc752e9ebb1df1b38853f2d8a79ec54aaea91827779897c5a504bbcb8aabd16b91b18583ee9ef600a962b00c3ac29b37a5ee44a850ac2c12fc0e40dfe0bfe5dd9476be9aed763e9e2ab88a0a446c332e1908c173ac8252041ac1freshly minted kitty goodness1001511327607843
[22-Nov-2017 16:13:28 Australia/Canberra] file object was not null, pushing
[22-Nov-2017 16:13:28 Australia/Canberra] 04bbcb8aabd16b91b18583ee9ef600a962b00c3ac29b37a5ee44a850ac2c12fc0e40dfe0bfe5dd9476be9aed763e9e2ab88a0a446c332e1908c173ac8252041ac1
[22-Nov-2017 16:14:32 Australia/Canberra] looping through keys
[22-Nov-2017 16:14:32 Australia/Canberra] minerAddressIn
[22-Nov-2017 16:14:33 Australia/Canberra] 04bbcb8aabd16b91b18583ee9ef600a962b00c3ac29b37a5ee44a850ac2c12fc0e40dfe0bfe5dd9476be9aed763e9e2ab88a0a446c332e1908c173ac8252041ac1
[22-Nov-2017 16:14:33 Australia/Canberra] looping through keys
[22-Nov-2017 16:14:33 Australia/Canberra] coinRewardIn
[22-Nov-2017 16:14:33 Australia/Canberra] 100
[22-Nov-2017 16:14:33 Australia/Canberra] looping through keys
[22-Nov-2017 16:14:33 Australia/Canberra] utcTimeStamp
[22-Nov-2017 16:14:33 Australia/Canberra] 1511327672988
[22-Nov-2017 16:14:33 Australia/Canberra] transactionPlainText:
[22-Nov-2017 16:14:33 Australia/Canberra] 041c4bc717563647d7980e5f46b79c3b68eb11667559f8b70ab07b737e985d33f078dd404e1abe0ffc752e9ebb1df1b38853f2d8a79ec54aaea91827779897c5a504bbcb8aabd16b91b18583ee9ef600a962b00c3ac29b37a5ee44a850ac2c12fc0e40dfe0bfe5dd9476be9aed763e9e2ab88a0a446c332e1908c173ac8252041ac1freshly minted kitty goodness1001511327672988
[22-Nov-2017 16:14:33 Australia/Canberra] file object was null
[22-Nov-2017 16:14:33 Australia/Canberra] PHP Notice:  Undefined offset: 0 in C:\inetpub\wwwroot\catship_production\php\catShipTransaction.php on line 29
[22-Nov-2017 16:14:33 Australia/Canberra] 
[22-Nov-2017 16:15:46 Australia/Canberra] looping through keys
[22-Nov-2017 16:15:46 Australia/Canberra] minerAddressIn
[22-Nov-2017 16:15:46 Australia/Canberra] 04bbcb8aabd16b91b18583ee9ef600a962b00c3ac29b37a5ee44a850ac2c12fc0e40dfe0bfe5dd9476be9aed763e9e2ab88a0a446c332e1908c173ac8252041ac1
[22-Nov-2017 16:15:46 Australia/Canberra] looping through keys
[22-Nov-2017 16:15:46 Australia/Canberra] coinRewardIn
[22-Nov-2017 16:15:46 Australia/Canberra] 100
[22-Nov-2017 16:15:46 Australia/Canberra] looping through keys
[22-Nov-2017 16:15:46 Australia/Canberra] utcTimeStamp
[22-Nov-2017 16:15:46 Australia/Canberra] 1511327746674
[22-Nov-2017 16:15:46 Australia/Canberra] transactionPlainText:
[22-Nov-2017 16:15:46 Australia/Canberra] 041c4bc717563647d7980e5f46b79c3b68eb11667559f8b70ab07b737e985d33f078dd404e1abe0ffc752e9ebb1df1b38853f2d8a79ec54aaea91827779897c5a504bbcb8aabd16b91b18583ee9ef600a962b00c3ac29b37a5ee44a850ac2c12fc0e40dfe0bfe5dd9476be9aed763e9e2ab88a0a446c332e1908c173ac8252041ac1freshly minted kitty goodness1001511327746674
[22-Nov-2017 16:15:47 Australia/Canberra] file object was null
[22-Nov-2017 16:15:47 Australia/Canberra] PHP Notice:  Undefined offset: 0 in C:\inetpub\wwwroot\catship_production\php\catShipTransaction.php on line 29
[22-Nov-2017 16:15:47 Australia/Canberra] 
[22-Nov-2017 16:18:01 Australia/Canberra] looping through keys
[22-Nov-2017 16:18:01 Australia/Canberra] minerAddressIn
[22-Nov-2017 16:18:01 Australia/Canberra] 04bbcb8aabd16b91b18583ee9ef600a962b00c3ac29b37a5ee44a850ac2c12fc0e40dfe0bfe5dd9476be9aed763e9e2ab88a0a446c332e1908c173ac8252041ac1
[22-Nov-2017 16:18:01 Australia/Canberra] looping through keys
[22-Nov-2017 16:18:01 Australia/Canberra] coinRewardIn
[22-Nov-2017 16:18:01 Australia/Canberra] 100
[22-Nov-2017 16:18:01 Australia/Canberra] looping through keys
[22-Nov-2017 16:18:01 Australia/Canberra] utcTimeStamp
[22-Nov-2017 16:18:01 Australia/Canberra] 1511327881137
[22-Nov-2017 16:18:01 Australia/Canberra] transactionPlainText:
[22-Nov-2017 16:18:01 Australia/Canberra] 041c4bc717563647d7980e5f46b79c3b68eb11667559f8b70ab07b737e985d33f078dd404e1abe0ffc752e9ebb1df1b38853f2d8a79ec54aaea91827779897c5a504bbcb8aabd16b91b18583ee9ef600a962b00c3ac29b37a5ee44a850ac2c12fc0e40dfe0bfe5dd9476be9aed763e9e2ab88a0a446c332e1908c173ac8252041ac1freshly minted kitty goodness1001511327881137
[22-Nov-2017 16:18:01 Australia/Canberra] file object was null
[22-Nov-2017 16:18:01 Australia/Canberra] PHP Notice:  Undefined offset: 0 in C:\inetpub\wwwroot\catship_production\php\catShipTransaction.php on line 29
[22-Nov-2017 16:18:01 Australia/Canberra] 
[22-Nov-2017 16:18:12 Australia/Canberra] looping through keys
[22-Nov-2017 16:18:12 Australia/Canberra] minerAddressIn
[22-Nov-2017 16:18:12 Australia/Canberra] 04bbcb8aabd16b91b18583ee9ef600a962b00c3ac29b37a5ee44a850ac2c12fc0e40dfe0bfe5dd9476be9aed763e9e2ab88a0a446c332e1908c173ac8252041ac1
[22-Nov-2017 16:18:12 Australia/Canberra] looping through keys
[22-Nov-2017 16:18:12 Australia/Canberra] coinRewardIn
[22-Nov-2017 16:18:12 Australia/Canberra] 100
[22-Nov-2017 16:18:12 Australia/Canberra] looping through keys
[22-Nov-2017 16:18:12 Australia/Canberra] utcTimeStamp
[22-Nov-2017 16:18:12 Australia/Canberra] 1511327892055
[22-Nov-2017 16:18:12 Australia/Canberra] transactionPlainText:
[22-Nov-2017 16:18:12 Australia/Canberra] 041c4bc717563647d7980e5f46b79c3b68eb11667559f8b70ab07b737e985d33f078dd404e1abe0ffc752e9ebb1df1b38853f2d8a79ec54aaea91827779897c5a504bbcb8aabd16b91b18583ee9ef600a962b00c3ac29b37a5ee44a850ac2c12fc0e40dfe0bfe5dd9476be9aed763e9e2ab88a0a446c332e1908c173ac8252041ac1freshly minted kitty goodness1001511327892055
[22-Nov-2017 16:18:12 Australia/Canberra] file object was null
[22-Nov-2017 16:18:12 Australia/Canberra] PHP Notice:  Undefined offset: 0 in C:\inetpub\wwwroot\catship_production\php\catShipTransaction.php on line 29
[22-Nov-2017 16:18:12 Australia/Canberra] 
[22-Nov-2017 16:18:47 Australia/Canberra] looping through keys
[22-Nov-2017 16:18:47 Australia/Canberra] minerAddressIn
[22-Nov-2017 16:18:47 Australia/Canberra] 04bbcb8aabd16b91b18583ee9ef600a962b00c3ac29b37a5ee44a850ac2c12fc0e40dfe0bfe5dd9476be9aed763e9e2ab88a0a446c332e1908c173ac8252041ac1
[22-Nov-2017 16:18:47 Australia/Canberra] looping through keys
[22-Nov-2017 16:18:47 Australia/Canberra] coinRewardIn
[22-Nov-2017 16:18:47 Australia/Canberra] 100
[22-Nov-2017 16:18:47 Australia/Canberra] looping through keys
[22-Nov-2017 16:18:47 Australia/Canberra] utcTimeStamp
[22-Nov-2017 16:18:47 Australia/Canberra] 1511327927641
[22-Nov-2017 16:18:47 Australia/Canberra] transactionPlainText:
[22-Nov-2017 16:18:47 Australia/Canberra] 041c4bc717563647d7980e5f46b79c3b68eb11667559f8b70ab07b737e985d33f078dd404e1abe0ffc752e9ebb1df1b38853f2d8a79ec54aaea91827779897c5a504bbcb8aabd16b91b18583ee9ef600a962b00c3ac29b37a5ee44a850ac2c12fc0e40dfe0bfe5dd9476be9aed763e9e2ab88a0a446c332e1908c173ac8252041ac1freshly minted kitty goodness1001511327927641
[22-Nov-2017 16:18:47 Australia/Canberra] file object was null
[22-Nov-2017 16:18:47 Australia/Canberra] PHP Notice:  Undefined offset: 0 in C:\inetpub\wwwroot\catship_production\php\catShipTransaction.php on line 29
[22-Nov-2017 16:18:47 Australia/Canberra] 
[22-Nov-2017 16:56:28 Australia/Canberra] players ip address
[22-Nov-2017 16:56:28 Australia/Canberra] ::1
[22-Nov-2017 16:56:28 Australia/Canberra] looping through keys
[22-Nov-2017 16:56:28 Australia/Canberra] checkpointTotal
[22-Nov-2017 16:56:28 Australia/Canberra] 108
[22-Nov-2017 16:56:28 Australia/Canberra] looping through keys
[22-Nov-2017 16:56:28 Australia/Canberra] checkpointEnemyCount
[22-Nov-2017 16:56:28 Australia/Canberra] 12
[22-Nov-2017 16:56:28 Australia/Canberra] looping through keys
[22-Nov-2017 16:56:28 Australia/Canberra] checkpointSb
[22-Nov-2017 16:56:28 Australia/Canberra] 1
[22-Nov-2017 16:56:28 Australia/Canberra] looping through keys
[22-Nov-2017 16:56:28 Australia/Canberra] checkpointPyramidCount
[22-Nov-2017 16:56:28 Australia/Canberra] 0
[22-Nov-2017 16:56:28 Australia/Canberra] looping through keys
[22-Nov-2017 16:56:28 Australia/Canberra] checkpointPyramidTimer
[22-Nov-2017 16:56:28 Australia/Canberra] 0
[22-Nov-2017 16:56:28 Australia/Canberra] looping through keys
[22-Nov-2017 16:56:28 Australia/Canberra] checkpointPyramidsOffset
[22-Nov-2017 16:56:28 Australia/Canberra] 1938
[22-Nov-2017 16:56:28 Australia/Canberra] looping through keys
[22-Nov-2017 16:56:28 Australia/Canberra] checkpointStage1Y
[22-Nov-2017 16:56:28 Australia/Canberra] -3720
[22-Nov-2017 16:56:28 Australia/Canberra] looping through keys
[22-Nov-2017 16:56:28 Australia/Canberra] checkpointStage2Y
[22-Nov-2017 16:56:28 Australia/Canberra] 0
[22-Nov-2017 16:56:28 Australia/Canberra] looping through keys
[22-Nov-2017 16:56:28 Australia/Canberra] checkpointPyramidsY
[22-Nov-2017 16:56:28 Australia/Canberra] 1938
[22-Nov-2017 16:56:28 Australia/Canberra] looping through keys
[22-Nov-2017 16:56:28 Australia/Canberra] checkpointCheckpoint
[22-Nov-2017 16:56:28 Australia/Canberra] 0
[22-Nov-2017 16:56:28 Australia/Canberra] looping through keys
[22-Nov-2017 16:56:28 Australia/Canberra] checkpointShipFP
[22-Nov-2017 16:56:28 Australia/Canberra] 0
[22-Nov-2017 16:56:28 Australia/Canberra] looping through keys
[22-Nov-2017 16:56:28 Australia/Canberra] checkpointStagespeed
[22-Nov-2017 16:56:28 Australia/Canberra] 1
[22-Nov-2017 16:56:28 Australia/Canberra] looping through keys
[22-Nov-2017 16:56:28 Australia/Canberra] health
[22-Nov-2017 16:56:28 Australia/Canberra] -1
[22-Nov-2017 16:56:28 Australia/Canberra] looping through keys
[22-Nov-2017 16:56:28 Australia/Canberra] alienHealth
[22-Nov-2017 16:56:28 Australia/Canberra] 12
[22-Nov-2017 16:56:28 Australia/Canberra] looping through keys
[22-Nov-2017 16:56:28 Australia/Canberra] total
[22-Nov-2017 16:56:28 Australia/Canberra] 128
[22-Nov-2017 16:56:28 Australia/Canberra] looping through keys
[22-Nov-2017 16:56:28 Australia/Canberra] sb
[22-Nov-2017 16:56:28 Australia/Canberra] 4
[22-Nov-2017 16:56:28 Australia/Canberra] looping through keys
[22-Nov-2017 16:56:28 Australia/Canberra] enemyCount
[22-Nov-2017 16:56:28 Australia/Canberra] 12
[22-Nov-2017 16:56:28 Australia/Canberra] looping through keys
[22-Nov-2017 16:56:28 Australia/Canberra] score
[22-Nov-2017 16:56:28 Australia/Canberra] 120
[22-Nov-2017 16:56:28 Australia/Canberra] looping through keys
[22-Nov-2017 16:56:28 Australia/Canberra] row
[22-Nov-2017 16:56:28 Australia/Canberra] 4
[22-Nov-2017 16:56:28 Australia/Canberra] looping through keys
[22-Nov-2017 16:56:28 Australia/Canberra] pyramidCount
[22-Nov-2017 16:56:28 Australia/Canberra] 25
[22-Nov-2017 16:56:28 Australia/Canberra] looping through keys
[22-Nov-2017 16:56:28 Australia/Canberra] pyramidTimer
[22-Nov-2017 16:56:28 Australia/Canberra] 127
[22-Nov-2017 16:56:28 Australia/Canberra] looping through keys
[22-Nov-2017 16:56:28 Australia/Canberra] pyramidsOffset
[22-Nov-2017 16:56:28 Australia/Canberra] 2866
[22-Nov-2017 16:56:28 Australia/Canberra] looping through keys
[22-Nov-2017 16:56:28 Australia/Canberra] checkpoint
[22-Nov-2017 16:56:28 Australia/Canberra] 1
[22-Nov-2017 16:56:28 Australia/Canberra] looping through keys
[22-Nov-2017 16:56:28 Australia/Canberra] shipFP
[22-Nov-2017 16:56:28 Australia/Canberra] 0
[22-Nov-2017 16:56:28 Australia/Canberra] looping through keys
[22-Nov-2017 16:56:28 Australia/Canberra] stagespeed
[22-Nov-2017 16:56:28 Australia/Canberra] 4
[22-Nov-2017 16:56:28 Australia/Canberra] looping through keys
[22-Nov-2017 16:56:28 Australia/Canberra] shipy
[22-Nov-2017 16:56:28 Australia/Canberra] 355.16666666667
[22-Nov-2017 16:56:28 Australia/Canberra] looping through keys
[22-Nov-2017 16:56:28 Australia/Canberra] shipx
[22-Nov-2017 16:56:28 Australia/Canberra] 206
[22-Nov-2017 16:56:28 Australia/Canberra] looping through keys
[22-Nov-2017 16:56:28 Australia/Canberra] enemy1Count
[22-Nov-2017 16:56:28 Australia/Canberra] 4
[22-Nov-2017 16:56:28 Australia/Canberra] looping through keys
[22-Nov-2017 16:56:28 Australia/Canberra] enemy2Count
[22-Nov-2017 16:56:28 Australia/Canberra] 0
[22-Nov-2017 16:56:28 Australia/Canberra] looping through keys
[22-Nov-2017 16:56:28 Australia/Canberra] enemy3Count
[22-Nov-2017 16:56:29 Australia/Canberra] 0
[22-Nov-2017 16:56:29 Australia/Canberra] looping through keys
[22-Nov-2017 16:56:29 Australia/Canberra] enemy4Count
[22-Nov-2017 16:56:29 Australia/Canberra] 0
[22-Nov-2017 16:56:29 Australia/Canberra] looping through keys
[22-Nov-2017 16:56:29 Australia/Canberra] pyramidsy
[22-Nov-2017 16:56:29 Australia/Canberra] 2866
[22-Nov-2017 16:56:29 Australia/Canberra] looping through keys
[22-Nov-2017 16:56:29 Australia/Canberra] eventTime
[22-Nov-2017 16:56:29 Australia/Canberra] 127
[22-Nov-2017 16:56:29 Australia/Canberra] looping through keys
[22-Nov-2017 16:56:29 Australia/Canberra] minerAddressIn
[22-Nov-2017 16:56:29 Australia/Canberra] 04bbcb8aabd16b91b18583ee9ef600a962b00c3ac29b37a5ee44a850ac2c12fc0e40dfe0bfe5dd9476be9aed763e9e2ab88a0a446c332e1908c173ac8252041ac1
[22-Nov-2017 16:56:29 Australia/Canberra] looping through keys
[22-Nov-2017 16:56:29 Australia/Canberra] utcTimeStamp
[22-Nov-2017 16:56:29 Australia/Canberra] 1511330188680
[22-Nov-2017 16:56:29 Australia/Canberra] looping through keys
[22-Nov-2017 16:56:29 Australia/Canberra] enemyBulletsFired
[22-Nov-2017 16:56:29 Australia/Canberra] 50
[22-Nov-2017 16:56:29 Australia/Canberra] looping through keys
[22-Nov-2017 16:56:29 Australia/Canberra] CPTrophy
[22-Nov-2017 16:56:29 Australia/Canberra] 0
[22-Nov-2017 16:56:29 Australia/Canberra] looping through keys
[22-Nov-2017 16:56:29 Australia/Canberra] bonus
[22-Nov-2017 16:56:29 Australia/Canberra] 0
[22-Nov-2017 16:56:29 Australia/Canberra] transactionPlainText:
[22-Nov-2017 16:56:29 Australia/Canberra] 04ce828291cad2e744a27daf8548774ea17f8d789e76f854a338cecf50bb404959c327ffd0ac6fa8c26b8546c2d08f34940e70e9e7312742fe22aa1d6cc72f299f04bbcb8aabd16b91b18583ee9ef600a962b00c3ac29b37a5ee44a850ac2c12fc0e40dfe0bfe5dd9476be9aed763e9e2ab88a0a446c332e1908c173ac8252041ac1cats in space1201511330188680
[22-Nov-2017 16:56:29 Australia/Canberra] file object was null
[22-Nov-2017 16:56:29 Australia/Canberra] PHP Notice:  Undefined offset: 0 in C:\inetpub\wwwroot\catship_production\php\catShipTransaction.php on line 29
[22-Nov-2017 16:56:29 Australia/Canberra] 
[22-Nov-2017 16:56:45 Australia/Canberra] looping through keys
[22-Nov-2017 16:56:45 Australia/Canberra] minerAddressIn
[22-Nov-2017 16:56:45 Australia/Canberra] 04bbcb8aabd16b91b18583ee9ef600a962b00c3ac29b37a5ee44a850ac2c12fc0e40dfe0bfe5dd9476be9aed763e9e2ab88a0a446c332e1908c173ac8252041ac1
[22-Nov-2017 16:56:45 Australia/Canberra] looping through keys
[22-Nov-2017 16:56:45 Australia/Canberra] coinRewardIn
[22-Nov-2017 16:56:45 Australia/Canberra] 100
[22-Nov-2017 16:56:45 Australia/Canberra] looping through keys
[22-Nov-2017 16:56:45 Australia/Canberra] utcTimeStamp
[22-Nov-2017 16:56:45 Australia/Canberra] 1511330205543
[22-Nov-2017 16:56:45 Australia/Canberra] transactionPlainText:
[22-Nov-2017 16:56:45 Australia/Canberra] 041c4bc717563647d7980e5f46b79c3b68eb11667559f8b70ab07b737e985d33f078dd404e1abe0ffc752e9ebb1df1b38853f2d8a79ec54aaea91827779897c5a504bbcb8aabd16b91b18583ee9ef600a962b00c3ac29b37a5ee44a850ac2c12fc0e40dfe0bfe5dd9476be9aed763e9e2ab88a0a446c332e1908c173ac8252041ac1freshly minted kitty goodness1001511330205543
[22-Nov-2017 16:56:45 Australia/Canberra] file object was not null, pushing
[22-Nov-2017 16:56:45 Australia/Canberra] 04ce828291cad2e744a27daf8548774ea17f8d789e76f854a338cecf50bb404959c327ffd0ac6fa8c26b8546c2d08f34940e70e9e7312742fe22aa1d6cc72f299f
[22-Nov-2017 17:09:42 Australia/Canberra] players ip address
[22-Nov-2017 17:09:42 Australia/Canberra] ::1
[22-Nov-2017 17:09:42 Australia/Canberra] looping through keys
[22-Nov-2017 17:09:42 Australia/Canberra] checkpointTotal
[22-Nov-2017 17:09:42 Australia/Canberra] 126
[22-Nov-2017 17:09:42 Australia/Canberra] looping through keys
[22-Nov-2017 17:09:42 Australia/Canberra] checkpointEnemyCount
[22-Nov-2017 17:09:42 Australia/Canberra] 12
[22-Nov-2017 17:09:42 Australia/Canberra] looping through keys
[22-Nov-2017 17:09:42 Australia/Canberra] checkpointSb
[22-Nov-2017 17:09:42 Australia/Canberra] 1
[22-Nov-2017 17:09:42 Australia/Canberra] looping through keys
[22-Nov-2017 17:09:42 Australia/Canberra] checkpointPyramidCount
[22-Nov-2017 17:09:42 Australia/Canberra] 0
[22-Nov-2017 17:09:42 Australia/Canberra] looping through keys
[22-Nov-2017 17:09:42 Australia/Canberra] checkpointPyramidTimer
[22-Nov-2017 17:09:42 Australia/Canberra] 0
[22-Nov-2017 17:09:42 Australia/Canberra] looping through keys
[22-Nov-2017 17:09:42 Australia/Canberra] checkpointPyramidsOffset
[22-Nov-2017 17:09:42 Australia/Canberra] 2262
[22-Nov-2017 17:09:42 Australia/Canberra] looping through keys
[22-Nov-2017 17:09:42 Australia/Canberra] checkpointStage1Y
[22-Nov-2017 17:09:42 Australia/Canberra] -3720
[22-Nov-2017 17:09:42 Australia/Canberra] looping through keys
[22-Nov-2017 17:09:42 Australia/Canberra] checkpointStage2Y
[22-Nov-2017 17:09:42 Australia/Canberra] 0
[22-Nov-2017 17:09:42 Australia/Canberra] looping through keys
[22-Nov-2017 17:09:42 Australia/Canberra] checkpointPyramidsY
[22-Nov-2017 17:09:42 Australia/Canberra] 2262
[22-Nov-2017 17:09:42 Australia/Canberra] looping through keys
[22-Nov-2017 17:09:42 Australia/Canberra] checkpointCheckpoint
[22-Nov-2017 17:09:42 Australia/Canberra] 0
[22-Nov-2017 17:09:42 Australia/Canberra] looping through keys
[22-Nov-2017 17:09:42 Australia/Canberra] checkpointShipFP
[22-Nov-2017 17:09:42 Australia/Canberra] 0
[22-Nov-2017 17:09:42 Australia/Canberra] looping through keys
[22-Nov-2017 17:09:42 Australia/Canberra] checkpointStagespeed
[22-Nov-2017 17:09:42 Australia/Canberra] 1
[22-Nov-2017 17:09:42 Australia/Canberra] looping through keys
[22-Nov-2017 17:09:42 Australia/Canberra] health
[22-Nov-2017 17:09:42 Australia/Canberra] -1
[22-Nov-2017 17:09:42 Australia/Canberra] looping through keys
[22-Nov-2017 17:09:42 Australia/Canberra] alienHealth
[22-Nov-2017 17:09:42 Australia/Canberra] 12
[22-Nov-2017 17:09:42 Australia/Canberra] looping through keys
[22-Nov-2017 17:09:42 Australia/Canberra] total
[22-Nov-2017 17:09:42 Australia/Canberra] 147
[22-Nov-2017 17:09:42 Australia/Canberra] looping through keys
[22-Nov-2017 17:09:42 Australia/Canberra] sb
[22-Nov-2017 17:09:42 Australia/Canberra] 4
[22-Nov-2017 17:09:42 Australia/Canberra] looping through keys
[22-Nov-2017 17:09:42 Australia/Canberra] enemyCount
[22-Nov-2017 17:09:42 Australia/Canberra] 12
[22-Nov-2017 17:09:42 Australia/Canberra] looping through keys
[22-Nov-2017 17:09:42 Australia/Canberra] score
[22-Nov-2017 17:09:42 Australia/Canberra] 120
[22-Nov-2017 17:09:42 Australia/Canberra] looping through keys
[22-Nov-2017 17:09:42 Australia/Canberra] row
[22-Nov-2017 17:09:42 Australia/Canberra] 4
[22-Nov-2017 17:09:42 Australia/Canberra] looping through keys
[22-Nov-2017 17:09:42 Australia/Canberra] pyramidCount
[22-Nov-2017 17:09:42 Australia/Canberra] 25
[22-Nov-2017 17:09:42 Australia/Canberra] looping through keys
[22-Nov-2017 17:09:42 Australia/Canberra] pyramidTimer
[22-Nov-2017 17:09:42 Australia/Canberra] 145
[22-Nov-2017 17:09:42 Australia/Canberra] looping through keys
[22-Nov-2017 17:09:42 Australia/Canberra] pyramidsOffset
[22-Nov-2017 17:09:42 Australia/Canberra] 3234
[22-Nov-2017 17:09:42 Australia/Canberra] looping through keys
[22-Nov-2017 17:09:42 Australia/Canberra] checkpoint
[22-Nov-2017 17:09:42 Australia/Canberra] 1
[22-Nov-2017 17:09:42 Australia/Canberra] looping through keys
[22-Nov-2017 17:09:42 Australia/Canberra] shipFP
[22-Nov-2017 17:09:42 Australia/Canberra] 0
[22-Nov-2017 17:09:42 Australia/Canberra] looping through keys
[22-Nov-2017 17:09:42 Australia/Canberra] stagespeed
[22-Nov-2017 17:09:42 Australia/Canberra] 4
[22-Nov-2017 17:09:42 Australia/Canberra] looping through keys
[22-Nov-2017 17:09:42 Australia/Canberra] shipy
[22-Nov-2017 17:09:42 Australia/Canberra] 429.41666666667
[22-Nov-2017 17:09:42 Australia/Canberra] looping through keys
[22-Nov-2017 17:09:42 Australia/Canberra] shipx
[22-Nov-2017 17:09:42 Australia/Canberra] 241
[22-Nov-2017 17:09:42 Australia/Canberra] looping through keys
[22-Nov-2017 17:09:42 Australia/Canberra] enemy1Count
[22-Nov-2017 17:09:42 Australia/Canberra] 4
[22-Nov-2017 17:09:42 Australia/Canberra] looping through keys
[22-Nov-2017 17:09:42 Australia/Canberra] enemy2Count
[22-Nov-2017 17:09:42 Australia/Canberra] 0
[22-Nov-2017 17:09:42 Australia/Canberra] looping through keys
[22-Nov-2017 17:09:42 Australia/Canberra] enemy3Count
[22-Nov-2017 17:09:42 Australia/Canberra] 0
[22-Nov-2017 17:09:42 Australia/Canberra] looping through keys
[22-Nov-2017 17:09:42 Australia/Canberra] enemy4Count
[22-Nov-2017 17:09:42 Australia/Canberra] 0
[22-Nov-2017 17:09:42 Australia/Canberra] looping through keys
[22-Nov-2017 17:09:42 Australia/Canberra] pyramidsy
[22-Nov-2017 17:09:42 Australia/Canberra] 3234
[22-Nov-2017 17:09:42 Australia/Canberra] looping through keys
[22-Nov-2017 17:09:42 Australia/Canberra] eventTime
[22-Nov-2017 17:09:42 Australia/Canberra] 145
[22-Nov-2017 17:09:42 Australia/Canberra] looping through keys
[22-Nov-2017 17:09:42 Australia/Canberra] minerAddressIn
[22-Nov-2017 17:09:42 Australia/Canberra] 04bbcb8aabd16b91b18583ee9ef600a962b00c3ac29b37a5ee44a850ac2c12fc0e40dfe0bfe5dd9476be9aed763e9e2ab88a0a446c332e1908c173ac8252041ac1
[22-Nov-2017 17:09:42 Australia/Canberra] looping through keys
[22-Nov-2017 17:09:42 Australia/Canberra] utcTimeStamp
[22-Nov-2017 17:09:42 Australia/Canberra] 1511330982633
[22-Nov-2017 17:09:42 Australia/Canberra] looping through keys
[22-Nov-2017 17:09:42 Australia/Canberra] enemyBulletsFired
[22-Nov-2017 17:09:42 Australia/Canberra] 35
[22-Nov-2017 17:09:42 Australia/Canberra] looping through keys
[22-Nov-2017 17:09:42 Australia/Canberra] CPTrophy
[22-Nov-2017 17:09:42 Australia/Canberra] 0
[22-Nov-2017 17:09:42 Australia/Canberra] looping through keys
[22-Nov-2017 17:09:42 Australia/Canberra] bonus
[22-Nov-2017 17:09:42 Australia/Canberra] 0
[22-Nov-2017 17:09:42 Australia/Canberra] transactionPlainText:
[22-Nov-2017 17:09:42 Australia/Canberra] 04ce828291cad2e744a27daf8548774ea17f8d789e76f854a338cecf50bb404959c327ffd0ac6fa8c26b8546c2d08f34940e70e9e7312742fe22aa1d6cc72f299f04bbcb8aabd16b91b18583ee9ef600a962b00c3ac29b37a5ee44a850ac2c12fc0e40dfe0bfe5dd9476be9aed763e9e2ab88a0a446c332e1908c173ac8252041ac1cats in space1201511330982633
[22-Nov-2017 17:09:43 Australia/Canberra] file object was null
[22-Nov-2017 17:09:43 Australia/Canberra] PHP Notice:  Undefined offset: 0 in C:\inetpub\wwwroot\catship_production\php\catShipTransaction.php on line 29
[22-Nov-2017 17:09:43 Australia/Canberra] 
[22-Nov-2017 17:28:36 Australia/Canberra] looping through keys
[22-Nov-2017 17:28:36 Australia/Canberra] minerAddressIn
[22-Nov-2017 17:28:36 Australia/Canberra] 04bbcb8aabd16b91b18583ee9ef600a962b00c3ac29b37a5ee44a850ac2c12fc0e40dfe0bfe5dd9476be9aed763e9e2ab88a0a446c332e1908c173ac8252041ac1
[22-Nov-2017 17:28:36 Australia/Canberra] looping through keys
[22-Nov-2017 17:28:36 Australia/Canberra] coinRewardIn
[22-Nov-2017 17:28:36 Australia/Canberra] 100
[22-Nov-2017 17:28:36 Australia/Canberra] looping through keys
[22-Nov-2017 17:28:36 Australia/Canberra] utcTimeStamp
[22-Nov-2017 17:28:36 Australia/Canberra] 1511332116425
[22-Nov-2017 17:28:36 Australia/Canberra] transactionPlainText:
[22-Nov-2017 17:28:36 Australia/Canberra] 041c4bc717563647d7980e5f46b79c3b68eb11667559f8b70ab07b737e985d33f078dd404e1abe0ffc752e9ebb1df1b38853f2d8a79ec54aaea91827779897c5a504bbcb8aabd16b91b18583ee9ef600a962b00c3ac29b37a5ee44a850ac2c12fc0e40dfe0bfe5dd9476be9aed763e9e2ab88a0a446c332e1908c173ac8252041ac1freshly minted kitty goodness1001511332116425
[22-Nov-2017 17:28:36 Australia/Canberra] file object was not null, pushing
[22-Nov-2017 17:28:36 Australia/Canberra] 04ce828291cad2e744a27daf8548774ea17f8d789e76f854a338cecf50bb404959c327ffd0ac6fa8c26b8546c2d08f34940e70e9e7312742fe22aa1d6cc72f299f
[22-Nov-2017 17:28:50 Australia/Canberra] looping through keys
[22-Nov-2017 17:28:50 Australia/Canberra] minerAddressIn
[22-Nov-2017 17:28:50 Australia/Canberra] 04bbcb8aabd16b91b18583ee9ef600a962b00c3ac29b37a5ee44a850ac2c12fc0e40dfe0bfe5dd9476be9aed763e9e2ab88a0a446c332e1908c173ac8252041ac1
[22-Nov-2017 17:28:50 Australia/Canberra] looping through keys
[22-Nov-2017 17:28:50 Australia/Canberra] coinRewardIn
[22-Nov-2017 17:28:50 Australia/Canberra] 100
[22-Nov-2017 17:28:50 Australia/Canberra] looping through keys
[22-Nov-2017 17:28:50 Australia/Canberra] utcTimeStamp
[22-Nov-2017 17:28:50 Australia/Canberra] 1511332130712
[22-Nov-2017 17:28:50 Australia/Canberra] transactionPlainText:
[22-Nov-2017 17:28:50 Australia/Canberra] 041c4bc717563647d7980e5f46b79c3b68eb11667559f8b70ab07b737e985d33f078dd404e1abe0ffc752e9ebb1df1b38853f2d8a79ec54aaea91827779897c5a504bbcb8aabd16b91b18583ee9ef600a962b00c3ac29b37a5ee44a850ac2c12fc0e40dfe0bfe5dd9476be9aed763e9e2ab88a0a446c332e1908c173ac8252041ac1freshly minted kitty goodness1001511332130712
[22-Nov-2017 17:28:51 Australia/Canberra] file object was null
[22-Nov-2017 17:28:51 Australia/Canberra] PHP Notice:  Undefined offset: 0 in C:\inetpub\wwwroot\catship_production\php\catShipTransaction.php on line 29
[22-Nov-2017 17:28:51 Australia/Canberra] 
[22-Nov-2017 17:28:54 Australia/Canberra] looping through keys
[22-Nov-2017 17:28:54 Australia/Canberra] minerAddressIn
[22-Nov-2017 17:28:54 Australia/Canberra] 04bbcb8aabd16b91b18583ee9ef600a962b00c3ac29b37a5ee44a850ac2c12fc0e40dfe0bfe5dd9476be9aed763e9e2ab88a0a446c332e1908c173ac8252041ac1
[22-Nov-2017 17:28:54 Australia/Canberra] looping through keys
[22-Nov-2017 17:28:54 Australia/Canberra] coinRewardIn
[22-Nov-2017 17:28:54 Australia/Canberra] 100
[22-Nov-2017 17:28:54 Australia/Canberra] looping through keys
[22-Nov-2017 17:28:54 Australia/Canberra] utcTimeStamp
[22-Nov-2017 17:28:54 Australia/Canberra] 1511332134287
[22-Nov-2017 17:28:54 Australia/Canberra] transactionPlainText:
[22-Nov-2017 17:28:54 Australia/Canberra] 041c4bc717563647d7980e5f46b79c3b68eb11667559f8b70ab07b737e985d33f078dd404e1abe0ffc752e9ebb1df1b38853f2d8a79ec54aaea91827779897c5a504bbcb8aabd16b91b18583ee9ef600a962b00c3ac29b37a5ee44a850ac2c12fc0e40dfe0bfe5dd9476be9aed763e9e2ab88a0a446c332e1908c173ac8252041ac1freshly minted kitty goodness1001511332134287
[22-Nov-2017 17:28:54 Australia/Canberra] file object was null
[22-Nov-2017 17:28:54 Australia/Canberra] PHP Notice:  Undefined offset: 0 in C:\inetpub\wwwroot\catship_production\php\catShipTransaction.php on line 29
[22-Nov-2017 17:28:54 Australia/Canberra] 
[22-Nov-2017 17:29:47 Australia/Canberra] looping through keys
[22-Nov-2017 17:29:47 Australia/Canberra] minerAddressIn
[22-Nov-2017 17:29:47 Australia/Canberra] 04bbcb8aabd16b91b18583ee9ef600a962b00c3ac29b37a5ee44a850ac2c12fc0e40dfe0bfe5dd9476be9aed763e9e2ab88a0a446c332e1908c173ac8252041ac1
[22-Nov-2017 17:29:47 Australia/Canberra] looping through keys
[22-Nov-2017 17:29:47 Australia/Canberra] coinRewardIn
[22-Nov-2017 17:29:47 Australia/Canberra] 100
[22-Nov-2017 17:29:47 Australia/Canberra] looping through keys
[22-Nov-2017 17:29:47 Australia/Canberra] utcTimeStamp
[22-Nov-2017 17:29:47 Australia/Canberra] 1511332187762
[22-Nov-2017 17:29:47 Australia/Canberra] transactionPlainText:
[22-Nov-2017 17:29:47 Australia/Canberra] 041c4bc717563647d7980e5f46b79c3b68eb11667559f8b70ab07b737e985d33f078dd404e1abe0ffc752e9ebb1df1b38853f2d8a79ec54aaea91827779897c5a504bbcb8aabd16b91b18583ee9ef600a962b00c3ac29b37a5ee44a850ac2c12fc0e40dfe0bfe5dd9476be9aed763e9e2ab88a0a446c332e1908c173ac8252041ac1freshly minted kitty goodness1001511332187762
[22-Nov-2017 17:29:48 Australia/Canberra] file object was null
[22-Nov-2017 17:29:48 Australia/Canberra] PHP Notice:  Undefined offset: 0 in C:\inetpub\wwwroot\catship_production\php\catShipTransaction.php on line 29
[22-Nov-2017 17:29:48 Australia/Canberra] 
[22-Nov-2017 17:29:52 Australia/Canberra] looping through keys
[22-Nov-2017 17:29:52 Australia/Canberra] minerAddressIn
[22-Nov-2017 17:29:52 Australia/Canberra] 04bbcb8aabd16b91b18583ee9ef600a962b00c3ac29b37a5ee44a850ac2c12fc0e40dfe0bfe5dd9476be9aed763e9e2ab88a0a446c332e1908c173ac8252041ac1
[22-Nov-2017 17:29:52 Australia/Canberra] looping through keys
[22-Nov-2017 17:29:52 Australia/Canberra] coinRewardIn
[22-Nov-2017 17:29:52 Australia/Canberra] 100
[22-Nov-2017 17:29:52 Australia/Canberra] looping through keys
[22-Nov-2017 17:29:52 Australia/Canberra] utcTimeStamp
[22-Nov-2017 17:29:52 Australia/Canberra] 1511332192446
[22-Nov-2017 17:29:52 Australia/Canberra] transactionPlainText:
[22-Nov-2017 17:29:52 Australia/Canberra] 041c4bc717563647d7980e5f46b79c3b68eb11667559f8b70ab07b737e985d33f078dd404e1abe0ffc752e9ebb1df1b38853f2d8a79ec54aaea91827779897c5a504bbcb8aabd16b91b18583ee9ef600a962b00c3ac29b37a5ee44a850ac2c12fc0e40dfe0bfe5dd9476be9aed763e9e2ab88a0a446c332e1908c173ac8252041ac1freshly minted kitty goodness1001511332192446
[22-Nov-2017 17:29:52 Australia/Canberra] file object was null
[22-Nov-2017 17:29:52 Australia/Canberra] PHP Notice:  Undefined offset: 0 in C:\inetpub\wwwroot\catship_production\php\catShipTransaction.php on line 29
[22-Nov-2017 17:29:52 Australia/Canberra] 
[22-Nov-2017 17:29:57 Australia/Canberra] looping through keys
[22-Nov-2017 17:29:57 Australia/Canberra] minerAddressIn
[22-Nov-2017 17:29:57 Australia/Canberra] 04bbcb8aabd16b91b18583ee9ef600a962b00c3ac29b37a5ee44a850ac2c12fc0e40dfe0bfe5dd9476be9aed763e9e2ab88a0a446c332e1908c173ac8252041ac1
[22-Nov-2017 17:29:57 Australia/Canberra] looping through keys
[22-Nov-2017 17:29:57 Australia/Canberra] coinRewardIn
[22-Nov-2017 17:29:57 Australia/Canberra] 100
[22-Nov-2017 17:29:57 Australia/Canberra] looping through keys
[22-Nov-2017 17:29:57 Australia/Canberra] utcTimeStamp
[22-Nov-2017 17:29:57 Australia/Canberra] 1511332197582
[22-Nov-2017 17:29:57 Australia/Canberra] transactionPlainText:
[22-Nov-2017 17:29:57 Australia/Canberra] 041c4bc717563647d7980e5f46b79c3b68eb11667559f8b70ab07b737e985d33f078dd404e1abe0ffc752e9ebb1df1b38853f2d8a79ec54aaea91827779897c5a504bbcb8aabd16b91b18583ee9ef600a962b00c3ac29b37a5ee44a850ac2c12fc0e40dfe0bfe5dd9476be9aed763e9e2ab88a0a446c332e1908c173ac8252041ac1freshly minted kitty goodness1001511332197582
[22-Nov-2017 17:29:57 Australia/Canberra] file object was null
[22-Nov-2017 17:29:57 Australia/Canberra] PHP Notice:  Undefined offset: 0 in C:\inetpub\wwwroot\catship_production\php\catShipTransaction.php on line 29
[22-Nov-2017 17:29:57 Australia/Canberra] 
[22-Nov-2017 17:30:09 Australia/Canberra] looping through keys
[22-Nov-2017 17:30:09 Australia/Canberra] minerAddressIn
[22-Nov-2017 17:30:09 Australia/Canberra] 04bbcb8aabd16b91b18583ee9ef600a962b00c3ac29b37a5ee44a850ac2c12fc0e40dfe0bfe5dd9476be9aed763e9e2ab88a0a446c332e1908c173ac8252041ac1
[22-Nov-2017 17:30:09 Australia/Canberra] looping through keys
[22-Nov-2017 17:30:09 Australia/Canberra] coinRewardIn
[22-Nov-2017 17:30:09 Australia/Canberra] 100
[22-Nov-2017 17:30:09 Australia/Canberra] looping through keys
[22-Nov-2017 17:30:09 Australia/Canberra] utcTimeStamp
[22-Nov-2017 17:30:09 Australia/Canberra] 1511332209254
[22-Nov-2017 17:30:09 Australia/Canberra] transactionPlainText:
[22-Nov-2017 17:30:09 Australia/Canberra] 041c4bc717563647d7980e5f46b79c3b68eb11667559f8b70ab07b737e985d33f078dd404e1abe0ffc752e9ebb1df1b38853f2d8a79ec54aaea91827779897c5a504bbcb8aabd16b91b18583ee9ef600a962b00c3ac29b37a5ee44a850ac2c12fc0e40dfe0bfe5dd9476be9aed763e9e2ab88a0a446c332e1908c173ac8252041ac1freshly minted kitty goodness1001511332209254
[22-Nov-2017 17:30:09 Australia/Canberra] file object was null
[22-Nov-2017 17:30:09 Australia/Canberra] PHP Notice:  Undefined offset: 0 in C:\inetpub\wwwroot\catship_production\php\catShipTransaction.php on line 29
[22-Nov-2017 17:30:09 Australia/Canberra] 
[22-Nov-2017 17:30:10 Australia/Canberra] looping through keys
[22-Nov-2017 17:30:10 Australia/Canberra] minerAddressIn
[22-Nov-2017 17:30:10 Australia/Canberra] 04bbcb8aabd16b91b18583ee9ef600a962b00c3ac29b37a5ee44a850ac2c12fc0e40dfe0bfe5dd9476be9aed763e9e2ab88a0a446c332e1908c173ac8252041ac1
[22-Nov-2017 17:30:10 Australia/Canberra] looping through keys
[22-Nov-2017 17:30:10 Australia/Canberra] coinRewardIn
[22-Nov-2017 17:30:10 Australia/Canberra] 100
[22-Nov-2017 17:30:10 Australia/Canberra] looping through keys
[22-Nov-2017 17:30:10 Australia/Canberra] utcTimeStamp
[22-Nov-2017 17:30:10 Australia/Canberra] 1511332210110
[22-Nov-2017 17:30:10 Australia/Canberra] transactionPlainText:
[22-Nov-2017 17:30:10 Australia/Canberra] 041c4bc717563647d7980e5f46b79c3b68eb11667559f8b70ab07b737e985d33f078dd404e1abe0ffc752e9ebb1df1b38853f2d8a79ec54aaea91827779897c5a504bbcb8aabd16b91b18583ee9ef600a962b00c3ac29b37a5ee44a850ac2c12fc0e40dfe0bfe5dd9476be9aed763e9e2ab88a0a446c332e1908c173ac8252041ac1freshly minted kitty goodness1001511332210110
[22-Nov-2017 17:30:10 Australia/Canberra] file object was null
[22-Nov-2017 17:30:10 Australia/Canberra] PHP Notice:  Undefined offset: 0 in C:\inetpub\wwwroot\catship_production\php\catShipTransaction.php on line 29
[22-Nov-2017 17:30:10 Australia/Canberra] 
